2019-03-23 13:04:07,460 [Worker-15] INFO  o.e.m.c.i.p.ProjectConfigurationManager - Collecting project info '/pom.xml' C:\Users\Jhenerson\workspace\AquecimentoN1Test\AquecimentoN1\pom.xml
2019-03-23 13:04:13,152 [Worker-15] INFO  o.e.m.c.i.l.LifecycleMappingFactory - Using org.eclipse.m2e.jdt.JarLifecycleMapping lifecycle mapping for MavenProject: br.com.senaigo.test:AquecimentoN1:0.0.1-SNAPSHOT @ C:\Users\Jhenerson\workspace\AquecimentoN1Test\AquecimentoN1\pom.xml.
2019-03-23 13:04:15,624 [Worker-15] INFO  o.e.m.j.i.AbstractJavaProjectConfigurator - Adding source folder /AquecimentoN1/src/main/java
2019-03-23 13:04:15,633 [Worker-15] INFO  o.e.m.j.i.AbstractJavaProjectConfigurator - Adding source folder /AquecimentoN1/src/test/java
2019-03-23 13:04:18,276 [Worker-15] INFO  o.e.m.c.i.p.ProjectConfigurationManager - Imported and configured 1 project(s) in 10 sec
2019-03-23 13:04:19,423 [Worker-18] INFO  o.e.m.c.i.embedder.EclipseLogger - Using 'UTF-8' encoding to copy filtered resources.
2019-03-23 13:04:19,424 [Worker-18] INFO  o.e.m.c.i.embedder.EclipseLogger - skip non existing resourceDirectory C:\Users\Jhenerson\workspace\AquecimentoN1Test\AquecimentoN1\src\main\resources
2019-03-23 13:04:19,426 [Worker-18] INFO  o.e.m.c.i.embedder.EclipseLogger - Using 'UTF-8' encoding to copy filtered resources.
2019-03-23 13:04:19,426 [Worker-18] INFO  o.e.m.c.i.embedder.EclipseLogger - skip non existing resourceDirectory C:\Users\Jhenerson\workspace\AquecimentoN1Test\AquecimentoN1\src\test\resources
2019-03-23 13:04:37,993 [Worker-18] INFO  o.e.m.c.i.embedder.EclipseLogger - Using 'UTF-8' encoding to copy filtered resources.
2019-03-23 13:04:37,993 [Worker-18] INFO  o.e.m.c.i.embedder.EclipseLogger - skip non existing resourceDirectory C:\Users\Jhenerson\workspace\AquecimentoN1Test\AquecimentoN1\src\main\resources
2019-03-23 13:04:37,994 [Worker-18] INFO  o.e.m.c.i.embedder.EclipseLogger - Using 'UTF-8' encoding to copy filtered resources.
2019-03-23 13:04:37,994 [Worker-18] INFO  o.e.m.c.i.embedder.EclipseLogger - skip non existing resourceDirectory C:\Users\Jhenerson\workspace\AquecimentoN1Test\AquecimentoN1\src\test\resources
2019-03-23 13:04:40,381 [Worker-17] INFO  o.e.m.c.i.embedder.EclipseLogger - Using 'UTF-8' encoding to copy filtered resources.
2019-03-23 13:04:40,381 [Worker-17] INFO  o.e.m.c.i.embedder.EclipseLogger - skip non existing resourceDirectory C:\Users\Jhenerson\workspace\AquecimentoN1Test\AquecimentoN1\src\main\resources
2019-03-23 13:04:40,383 [Worker-17] INFO  o.e.m.c.i.embedder.EclipseLogger - Using 'UTF-8' encoding to copy filtered resources.
2019-03-23 13:04:40,388 [Worker-17] INFO  o.e.m.c.i.embedder.EclipseLogger - skip non existing resourceDirectory C:\Users\Jhenerson\workspace\AquecimentoN1Test\AquecimentoN1\src\test\resources
2019-03-23 13:06:33,728 [Worker-17] INFO  o.e.m.c.i.l.LifecycleMappingFactory - Using org.eclipse.m2e.jdt.JarLifecycleMapping lifecycle mapping for MavenProject: br.com.senaigo.test:AquecimentoN1:0.0.1-SNAPSHOT @ C:\Users\Jhenerson\workspace\AquecimentoN1Test\TestesJUnit\pom.xml.
2019-03-23 13:06:33,847 [Worker-17] INFO  o.e.m.c.i.embedder.EclipseLogger - Using 'UTF-8' encoding to copy filtered resources.
2019-03-23 13:06:33,847 [Worker-17] INFO  o.e.m.c.i.embedder.EclipseLogger - skip non existing resourceDirectory C:\Users\Jhenerson\workspace\AquecimentoN1Test\TestesJUnit\src\main\resources
2019-03-23 13:06:33,854 [Worker-17] INFO  o.e.m.c.i.embedder.EclipseLogger - Using 'UTF-8' encoding to copy filtered resources.
2019-03-23 13:06:33,860 [Worker-17] INFO  o.e.m.c.i.embedder.EclipseLogger - skip non existing resourceDirectory C:\Users\Jhenerson\workspace\AquecimentoN1Test\TestesJUnit\src\test\resources
2019-03-23 13:06:34,950 [Worker-5] INFO  o.e.m.c.i.embedder.EclipseLogger - Using 'UTF-8' encoding to copy filtered resources.
2019-03-23 13:06:34,951 [Worker-5] INFO  o.e.m.c.i.embedder.EclipseLogger - skip non existing resourceDirectory C:\Users\Jhenerson\workspace\AquecimentoN1Test\TestesJUnit\src\main\resources
2019-03-23 13:06:34,963 [Worker-5] INFO  o.e.m.c.i.embedder.EclipseLogger - Using 'UTF-8' encoding to copy filtered resources.
2019-03-23 13:06:34,970 [Worker-5] INFO  o.e.m.c.i.embedder.EclipseLogger - skip non existing resourceDirectory C:\Users\Jhenerson\workspace\AquecimentoN1Test\TestesJUnit\src\test\resources
2019-03-23 13:07:37,429 [Worker-20] INFO  o.e.m.c.i.embedder.EclipseLogger - Using 'UTF-8' encoding to copy filtered resources.
2019-03-23 13:07:37,430 [Worker-20] INFO  o.e.m.c.i.embedder.EclipseLogger - skip non existing resourceDirectory C:\Users\Jhenerson\workspace\AquecimentoN1Test\TestesJUnit\src\main\resources
2019-03-23 13:07:37,436 [Worker-20] INFO  o.e.m.c.i.embedder.EclipseLogger - Using 'UTF-8' encoding to copy filtered resources.
2019-03-23 13:07:37,442 [Worker-20] INFO  o.e.m.c.i.embedder.EclipseLogger - skip non existing resourceDirectory C:\Users\Jhenerson\workspace\AquecimentoN1Test\TestesJUnit\src\test\resources
2019-03-23 13:07:38,500 [Worker-18] INFO  o.e.m.c.i.embedder.EclipseLogger - Using 'UTF-8' encoding to copy filtered resources.
2019-03-23 13:07:38,500 [Worker-18] INFO  o.e.m.c.i.embedder.EclipseLogger - skip non existing resourceDirectory C:\Users\Jhenerson\workspace\AquecimentoN1Test\TestesJUnit\src\main\resources
2019-03-23 13:07:38,508 [Worker-18] INFO  o.e.m.c.i.embedder.EclipseLogger - Using 'UTF-8' encoding to copy filtered resources.
2019-03-23 13:07:38,514 [Worker-18] INFO  o.e.m.c.i.embedder.EclipseLogger - skip non existing resourceDirectory C:\Users\Jhenerson\workspace\AquecimentoN1Test\TestesJUnit\src\test\resources
2019-03-23 13:23:21,953 [Worker-37] INFO  o.e.m.c.i.embedder.EclipseLogger - Using 'UTF-8' encoding to copy filtered resources.
2019-03-23 13:23:21,953 [Worker-37] INFO  o.e.m.c.i.embedder.EclipseLogger - skip non existing resourceDirectory C:\Users\Jhenerson\workspace\AquecimentoN1Test\TestesJUnit\src\main\resources
2019-03-23 13:23:21,963 [Worker-37] INFO  o.e.m.c.i.embedder.EclipseLogger - Using 'UTF-8' encoding to copy filtered resources.
2019-03-23 13:23:21,974 [Worker-37] INFO  o.e.m.c.i.embedder.EclipseLogger - skip non existing resourceDirectory C:\Users\Jhenerson\workspace\AquecimentoN1Test\TestesJUnit\src\test\resources
2019-03-23 13:29:33,231 [Worker-43] INFO  o.e.m.c.i.embedder.EclipseLogger - Using 'UTF-8' encoding to copy filtered resources.
2019-03-23 13:29:33,231 [Worker-43] INFO  o.e.m.c.i.embedder.EclipseLogger - skip non existing resourceDirectory C:\Users\Jhenerson\workspace\AquecimentoN1Test\TestesJUnit\src\main\resources
2019-03-23 13:29:33,241 [Worker-43] INFO  o.e.m.c.i.embedder.EclipseLogger - Using 'UTF-8' encoding to copy filtered resources.
2019-03-23 13:29:33,241 [Worker-43] INFO  o.e.m.c.i.embedder.EclipseLogger - skip non existing resourceDirectory C:\Users\Jhenerson\workspace\AquecimentoN1Test\TestesJUnit\src\test\resources
2019-03-23 13:29:54,719 [Worker-39] INFO  o.e.m.c.i.embedder.EclipseLogger - Using 'UTF-8' encoding to copy filtered resources.
2019-03-23 13:29:54,719 [Worker-39] INFO  o.e.m.c.i.embedder.EclipseLogger - skip non existing resourceDirectory C:\Users\Jhenerson\workspace\AquecimentoN1Test\TestesJUnit\src\main\resources
2019-03-23 13:29:54,727 [Worker-39] INFO  o.e.m.c.i.embedder.EclipseLogger - Using 'UTF-8' encoding to copy filtered resources.
2019-03-23 13:29:54,729 [Worker-39] INFO  o.e.m.c.i.embedder.EclipseLogger - skip non existing resourceDirectory C:\Users\Jhenerson\workspace\AquecimentoN1Test\TestesJUnit\src\test\resources
2019-03-23 13:29:56,810 [Worker-44] INFO  o.e.m.c.i.embedder.EclipseLogger - Using 'UTF-8' encoding to copy filtered resources.
2019-03-23 13:29:56,810 [Worker-44] INFO  o.e.m.c.i.embedder.EclipseLogger - skip non existing resourceDirectory C:\Users\Jhenerson\workspace\AquecimentoN1Test\TestesJUnit\src\main\resources
2019-03-23 13:29:56,819 [Worker-44] INFO  o.e.m.c.i.embedder.EclipseLogger - Using 'UTF-8' encoding to copy filtered resources.
2019-03-23 13:29:56,819 [Worker-44] INFO  o.e.m.c.i.embedder.EclipseLogger - skip non existing resourceDirectory C:\Users\Jhenerson\workspace\AquecimentoN1Test\TestesJUnit\src\test\resources
2019-03-23 13:30:45,350 [Worker-42] INFO  o.e.m.c.i.l.LifecycleMappingFactory - Using org.eclipse.m2e.jdt.JarLifecycleMapping lifecycle mapping for MavenProject: br.com.senaigo.test:AquecimentoN1:0.0.1-SNAPSHOT @ C:\Users\Jhenerson\workspace\AquecimentoN1Test\TestesJUnit\pom.xml.
2019-03-23 13:30:45,815 [Worker-42] INFO  o.e.m.c.i.embedder.EclipseLogger - Using 'UTF-8' encoding to copy filtered resources.
2019-03-23 13:30:45,815 [Worker-42] INFO  o.e.m.c.i.embedder.EclipseLogger - skip non existing resourceDirectory C:\Users\Jhenerson\workspace\AquecimentoN1Test\TestesJUnit\src\main\resources
2019-03-23 13:30:45,825 [Worker-42] INFO  o.e.m.c.i.embedder.EclipseLogger - Using 'UTF-8' encoding to copy filtered resources.
2019-03-23 13:30:45,825 [Worker-42] INFO  o.e.m.c.i.embedder.EclipseLogger - skip non existing resourceDirectory C:\Users\Jhenerson\workspace\AquecimentoN1Test\TestesJUnit\src\test\resources
2019-03-23 13:30:47,248 [Worker-49] INFO  o.e.m.c.i.embedder.EclipseLogger - Using 'UTF-8' encoding to copy filtered resources.
2019-03-23 13:30:47,257 [Worker-49] INFO  o.e.m.c.i.embedder.EclipseLogger - skip non existing resourceDirectory C:\Users\Jhenerson\workspace\AquecimentoN1Test\TestesJUnit\src\main\resources
2019-03-23 13:30:47,257 [Worker-49] INFO  o.e.m.c.i.embedder.EclipseLogger - Using 'UTF-8' encoding to copy filtered resources.
2019-03-23 13:30:47,267 [Worker-49] INFO  o.e.m.c.i.embedder.EclipseLogger - skip non existing resourceDirectory C:\Users\Jhenerson\workspace\AquecimentoN1Test\TestesJUnit\src\test\resources
2019-03-23 13:33:54,261 [Worker-50] INFO  o.e.m.c.i.embedder.EclipseLogger - Using 'UTF-8' encoding to copy filtered resources.
2019-03-23 13:33:54,268 [Worker-50] INFO  o.e.m.c.i.embedder.EclipseLogger - skip non existing resourceDirectory C:\Users\Jhenerson\workspace\AquecimentoN1Test\TestesJUnit\src\main\resources
2019-03-23 13:33:54,268 [Worker-50] INFO  o.e.m.c.i.embedder.EclipseLogger - Using 'UTF-8' encoding to copy filtered resources.
2019-03-23 13:33:54,278 [Worker-50] INFO  o.e.m.c.i.embedder.EclipseLogger - skip non existing resourceDirectory C:\Users\Jhenerson\workspace\AquecimentoN1Test\TestesJUnit\src\test\resources
2019-03-23 13:34:40,158 [Worker-46] INFO  o.e.m.c.i.embedder.EclipseLogger - Using 'UTF-8' encoding to copy filtered resources.
2019-03-23 13:34:40,165 [Worker-46] INFO  o.e.m.c.i.embedder.EclipseLogger - skip non existing resourceDirectory C:\Users\Jhenerson\workspace\AquecimentoN1Test\TestesJUnit\src\main\resources
2019-03-23 13:34:40,175 [Worker-46] INFO  o.e.m.c.i.embedder.EclipseLogger - Using 'UTF-8' encoding to copy filtered resources.
2019-03-23 13:34:40,175 [Worker-46] INFO  o.e.m.c.i.embedder.EclipseLogger - skip non existing resourceDirectory C:\Users\Jhenerson\workspace\AquecimentoN1Test\TestesJUnit\src\test\resources
2019-03-23 13:35:27,565 [Worker-47] INFO  o.e.m.c.i.embedder.EclipseLogger - Using 'UTF-8' encoding to copy filtered resources.
2019-03-23 13:35:27,579 [Worker-47] INFO  o.e.m.c.i.embedder.EclipseLogger - skip non existing resourceDirectory C:\Users\Jhenerson\workspace\AquecimentoN1Test\TestesJUnit\src\main\resources
2019-03-23 13:35:27,586 [Worker-47] INFO  o.e.m.c.i.embedder.EclipseLogger - Using 'UTF-8' encoding to copy filtered resources.
2019-03-23 13:35:27,586 [Worker-47] INFO  o.e.m.c.i.embedder.EclipseLogger - skip non existing resourceDirectory C:\Users\Jhenerson\workspace\AquecimentoN1Test\TestesJUnit\src\test\resources
2019-03-23 13:35:36,519 [Worker-46] INFO  o.e.m.c.i.embedder.EclipseLogger - Using 'UTF-8' encoding to copy filtered resources.
2019-03-23 13:35:36,525 [Worker-46] INFO  o.e.m.c.i.embedder.EclipseLogger - skip non existing resourceDirectory C:\Users\Jhenerson\workspace\AquecimentoN1Test\TestesJUnit\src\main\resources
2019-03-23 13:35:36,525 [Worker-46] INFO  o.e.m.c.i.embedder.EclipseLogger - Using 'UTF-8' encoding to copy filtered resources.
2019-03-23 13:35:36,535 [Worker-46] INFO  o.e.m.c.i.embedder.EclipseLogger - skip non existing resourceDirectory C:\Users\Jhenerson\workspace\AquecimentoN1Test\TestesJUnit\src\test\resources
2019-03-23 13:35:42,976 [Worker-50] INFO  o.e.m.c.i.embedder.EclipseLogger - Using 'UTF-8' encoding to copy filtered resources.
2019-03-23 13:35:42,976 [Worker-50] INFO  o.e.m.c.i.embedder.EclipseLogger - skip non existing resourceDirectory C:\Users\Jhenerson\workspace\AquecimentoN1Test\TestesJUnit\src\main\resources
2019-03-23 13:35:42,986 [Worker-50] INFO  o.e.m.c.i.embedder.EclipseLogger - Using 'UTF-8' encoding to copy filtered resources.
2019-03-23 13:35:42,986 [Worker-50] INFO  o.e.m.c.i.embedder.EclipseLogger - skip non existing resourceDirectory C:\Users\Jhenerson\workspace\AquecimentoN1Test\TestesJUnit\src\test\resources
2019-03-23 13:36:47,778 [Worker-39] INFO  o.e.m.c.i.embedder.EclipseLogger - Using 'UTF-8' encoding to copy filtered resources.
2019-03-23 13:36:47,788 [Worker-39] INFO  o.e.m.c.i.embedder.EclipseLogger - skip non existing resourceDirectory C:\Users\Jhenerson\workspace\AquecimentoN1Test\TestesJUnit\src\main\resources
2019-03-23 13:36:47,788 [Worker-39] INFO  o.e.m.c.i.embedder.EclipseLogger - Using 'UTF-8' encoding to copy filtered resources.
2019-03-23 13:36:47,799 [Worker-39] INFO  o.e.m.c.i.embedder.EclipseLogger - skip non existing resourceDirectory C:\Users\Jhenerson\workspace\AquecimentoN1Test\TestesJUnit\src\test\resources
2019-03-23 13:36:57,286 [Worker-45] INFO  o.e.m.c.i.embedder.EclipseLogger - Using 'UTF-8' encoding to copy filtered resources.
2019-03-23 13:36:57,286 [Worker-45] INFO  o.e.m.c.i.embedder.EclipseLogger - skip non existing resourceDirectory C:\Users\Jhenerson\workspace\AquecimentoN1Test\TestesJUnit\src\main\resources
2019-03-23 13:36:57,299 [Worker-45] INFO  o.e.m.c.i.embedder.EclipseLogger - Using 'UTF-8' encoding to copy filtered resources.
2019-03-23 13:36:57,299 [Worker-45] INFO  o.e.m.c.i.embedder.EclipseLogger - skip non existing resourceDirectory C:\Users\Jhenerson\workspace\AquecimentoN1Test\TestesJUnit\src\test\resources
2019-03-23 13:37:04,844 [Worker-48] INFO  o.e.m.c.i.embedder.EclipseLogger - Using 'UTF-8' encoding to copy filtered resources.
2019-03-23 13:37:04,848 [Worker-48] INFO  o.e.m.c.i.embedder.EclipseLogger - skip non existing resourceDirectory C:\Users\Jhenerson\workspace\AquecimentoN1Test\TestesJUnit\src\main\resources
2019-03-23 13:37:04,848 [Worker-48] INFO  o.e.m.c.i.embedder.EclipseLogger - Using 'UTF-8' encoding to copy filtered resources.
2019-03-23 13:37:04,855 [Worker-48] INFO  o.e.m.c.i.embedder.EclipseLogger - skip non existing resourceDirectory C:\Users\Jhenerson\workspace\AquecimentoN1Test\TestesJUnit\src\test\resources
2019-03-23 13:38:15,671 [Worker-39] INFO  o.e.m.c.i.embedder.EclipseLogger - Using 'UTF-8' encoding to copy filtered resources.
2019-03-23 13:38:15,681 [Worker-39] INFO  o.e.m.c.i.embedder.EclipseLogger - skip non existing resourceDirectory C:\Users\Jhenerson\workspace\AquecimentoN1Test\TestesJUnit\src\main\resources
2019-03-23 13:38:15,691 [Worker-39] INFO  o.e.m.c.i.embedder.EclipseLogger - Using 'UTF-8' encoding to copy filtered resources.
2019-03-23 13:38:15,691 [Worker-39] INFO  o.e.m.c.i.embedder.EclipseLogger - skip non existing resourceDirectory C:\Users\Jhenerson\workspace\AquecimentoN1Test\TestesJUnit\src\test\resources
2019-03-23 13:38:51,917 [Worker-52] INFO  o.e.m.c.i.embedder.EclipseLogger - Using 'UTF-8' encoding to copy filtered resources.
2019-03-23 13:38:51,927 [Worker-52] INFO  o.e.m.c.i.embedder.EclipseLogger - skip non existing resourceDirectory C:\Users\Jhenerson\workspace\AquecimentoN1Test\TestesJUnit\src\main\resources
2019-03-23 13:38:51,936 [Worker-52] INFO  o.e.m.c.i.embedder.EclipseLogger - Using 'UTF-8' encoding to copy filtered resources.
2019-03-23 13:38:51,941 [Worker-52] INFO  o.e.m.c.i.embedder.EclipseLogger - skip non existing resourceDirectory C:\Users\Jhenerson\workspace\AquecimentoN1Test\TestesJUnit\src\test\resources
2019-03-23 13:39:14,886 [Worker-42] INFO  o.e.m.c.i.embedder.EclipseLogger - Using 'UTF-8' encoding to copy filtered resources.
2019-03-23 13:39:14,899 [Worker-42] INFO  o.e.m.c.i.embedder.EclipseLogger - skip non existing resourceDirectory C:\Users\Jhenerson\workspace\AquecimentoN1Test\TestesJUnit\src\main\resources
2019-03-23 13:39:14,916 [Worker-42] INFO  o.e.m.c.i.embedder.EclipseLogger - Using 'UTF-8' encoding to copy filtered resources.
2019-03-23 13:39:14,916 [Worker-42] INFO  o.e.m.c.i.embedder.EclipseLogger - skip non existing resourceDirectory C:\Users\Jhenerson\workspace\AquecimentoN1Test\TestesJUnit\src\test\resources
2019-03-23 13:39:58,446 [Worker-45] INFO  o.e.m.c.i.embedder.EclipseLogger - Using 'UTF-8' encoding to copy filtered resources.
2019-03-23 13:39:58,446 [Worker-45] INFO  o.e.m.c.i.embedder.EclipseLogger - skip non existing resourceDirectory C:\Users\Jhenerson\workspace\AquecimentoN1Test\TestesJUnit\src\main\resources
2019-03-23 13:39:58,456 [Worker-45] INFO  o.e.m.c.i.embedder.EclipseLogger - Using 'UTF-8' encoding to copy filtered resources.
2019-03-23 13:39:58,456 [Worker-45] INFO  o.e.m.c.i.embedder.EclipseLogger - skip non existing resourceDirectory C:\Users\Jhenerson\workspace\AquecimentoN1Test\TestesJUnit\src\test\resources
2019-03-23 13:40:18,113 [Worker-53] INFO  o.e.m.c.i.embedder.EclipseLogger - Using 'UTF-8' encoding to copy filtered resources.
2019-03-23 13:40:18,113 [Worker-53] INFO  o.e.m.c.i.embedder.EclipseLogger - skip non existing resourceDirectory C:\Users\Jhenerson\workspace\AquecimentoN1Test\TestesJUnit\src\main\resources
2019-03-23 13:40:18,123 [Worker-53] INFO  o.e.m.c.i.embedder.EclipseLogger - Using 'UTF-8' encoding to copy filtered resources.
2019-03-23 13:40:18,123 [Worker-53] INFO  o.e.m.c.i.embedder.EclipseLogger - skip non existing resourceDirectory C:\Users\Jhenerson\workspace\AquecimentoN1Test\TestesJUnit\src\test\resources
2019-03-23 13:40:31,959 [Worker-45] INFO  o.e.m.c.i.embedder.EclipseLogger - Using 'UTF-8' encoding to copy filtered resources.
2019-03-23 13:40:31,969 [Worker-45] INFO  o.e.m.c.i.embedder.EclipseLogger - skip non existing resourceDirectory C:\Users\Jhenerson\workspace\AquecimentoN1Test\TestesJUnit\src\main\resources
2019-03-23 13:40:31,980 [Worker-45] INFO  o.e.m.c.i.embedder.EclipseLogger - Using 'UTF-8' encoding to copy filtered resources.
2019-03-23 13:40:31,980 [Worker-45] INFO  o.e.m.c.i.embedder.EclipseLogger - skip non existing resourceDirectory C:\Users\Jhenerson\workspace\AquecimentoN1Test\TestesJUnit\src\test\resources
2019-03-23 13:40:39,288 [Worker-43] INFO  o.e.m.c.i.embedder.EclipseLogger - Using 'UTF-8' encoding to copy filtered resources.
2019-03-23 13:40:39,294 [Worker-43] INFO  o.e.m.c.i.embedder.EclipseLogger - skip non existing resourceDirectory C:\Users\Jhenerson\workspace\AquecimentoN1Test\TestesJUnit\src\main\resources
2019-03-23 13:40:39,294 [Worker-43] INFO  o.e.m.c.i.embedder.EclipseLogger - Using 'UTF-8' encoding to copy filtered resources.
2019-03-23 13:40:39,304 [Worker-43] INFO  o.e.m.c.i.embedder.EclipseLogger - skip non existing resourceDirectory C:\Users\Jhenerson\workspace\AquecimentoN1Test\TestesJUnit\src\test\resources
2019-03-23 13:41:43,486 [Worker-43] INFO  o.e.m.c.i.embedder.EclipseLogger - Using 'UTF-8' encoding to copy filtered resources.
2019-03-23 13:41:43,497 [Worker-43] INFO  o.e.m.c.i.embedder.EclipseLogger - skip non existing resourceDirectory C:\Users\Jhenerson\workspace\AquecimentoN1Test\TestesJUnit\src\main\resources
2019-03-23 13:41:43,507 [Worker-43] INFO  o.e.m.c.i.embedder.EclipseLogger - Using 'UTF-8' encoding to copy filtered resources.
2019-03-23 13:41:43,507 [Worker-43] INFO  o.e.m.c.i.embedder.EclipseLogger - skip non existing resourceDirectory C:\Users\Jhenerson\workspace\AquecimentoN1Test\TestesJUnit\src\test\resources
2019-03-23 13:43:14,803 [Worker-43] INFO  o.e.m.c.i.embedder.EclipseLogger - Using 'UTF-8' encoding to copy filtered resources.
2019-03-23 13:43:14,813 [Worker-43] INFO  o.e.m.c.i.embedder.EclipseLogger - skip non existing resourceDirectory C:\Users\Jhenerson\workspace\AquecimentoN1Test\TestesJUnit\src\main\resources
2019-03-23 13:43:14,823 [Worker-43] INFO  o.e.m.c.i.embedder.EclipseLogger - Using 'UTF-8' encoding to copy filtered resources.
2019-03-23 13:43:14,833 [Worker-43] INFO  o.e.m.c.i.embedder.EclipseLogger - skip non existing resourceDirectory C:\Users\Jhenerson\workspace\AquecimentoN1Test\TestesJUnit\src\test\resources
2019-03-23 13:43:23,156 [Worker-49] INFO  o.e.m.c.i.embedder.EclipseLogger - Using 'UTF-8' encoding to copy filtered resources.
2019-03-23 13:43:23,163 [Worker-49] INFO  o.e.m.c.i.embedder.EclipseLogger - skip non existing resourceDirectory C:\Users\Jhenerson\workspace\AquecimentoN1Test\TestesJUnit\src\main\resources
2019-03-23 13:43:23,163 [Worker-49] INFO  o.e.m.c.i.embedder.EclipseLogger - Using 'UTF-8' encoding to copy filtered resources.
2019-03-23 13:43:23,174 [Worker-49] INFO  o.e.m.c.i.embedder.EclipseLogger - skip non existing resourceDirectory C:\Users\Jhenerson\workspace\AquecimentoN1Test\TestesJUnit\src\test\resources
2019-03-23 13:43:26,505 [Worker-44] INFO  o.e.m.c.i.embedder.EclipseLogger - Using 'UTF-8' encoding to copy filtered resources.
2019-03-23 13:43:26,516 [Worker-44] INFO  o.e.m.c.i.embedder.EclipseLogger - skip non existing resourceDirectory C:\Users\Jhenerson\workspace\AquecimentoN1Test\TestesJUnit\src\main\resources
2019-03-23 13:43:26,526 [Worker-44] INFO  o.e.m.c.i.embedder.EclipseLogger - Using 'UTF-8' encoding to copy filtered resources.
2019-03-23 13:43:26,536 [Worker-44] INFO  o.e.m.c.i.embedder.EclipseLogger - skip non existing resourceDirectory C:\Users\Jhenerson\workspace\AquecimentoN1Test\TestesJUnit\src\test\resources
2019-03-23 13:44:29,622 [Worker-51] INFO  o.e.m.c.i.embedder.EclipseLogger - Using 'UTF-8' encoding to copy filtered resources.
2019-03-23 13:44:29,625 [Worker-51] INFO  o.e.m.c.i.embedder.EclipseLogger - skip non existing resourceDirectory C:\Users\Jhenerson\workspace\AquecimentoN1Test\TestesJUnit\src\main\resources
2019-03-23 13:44:29,632 [Worker-51] INFO  o.e.m.c.i.embedder.EclipseLogger - Using 'UTF-8' encoding to copy filtered resources.
2019-03-23 13:44:29,632 [Worker-51] INFO  o.e.m.c.i.embedder.EclipseLogger - skip non existing resourceDirectory C:\Users\Jhenerson\workspace\AquecimentoN1Test\TestesJUnit\src\test\resources
2019-03-23 13:44:37,372 [Worker-50] INFO  o.e.m.c.i.embedder.EclipseLogger - Using 'UTF-8' encoding to copy filtered resources.
2019-03-23 13:44:37,382 [Worker-50] INFO  o.e.m.c.i.embedder.EclipseLogger - skip non existing resourceDirectory C:\Users\Jhenerson\workspace\AquecimentoN1Test\TestesJUnit\src\main\resources
2019-03-23 13:44:37,393 [Worker-50] INFO  o.e.m.c.i.embedder.EclipseLogger - Using 'UTF-8' encoding to copy filtered resources.
2019-03-23 13:44:37,403 [Worker-50] INFO  o.e.m.c.i.embedder.EclipseLogger - skip non existing resourceDirectory C:\Users\Jhenerson\workspace\AquecimentoN1Test\TestesJUnit\src\test\resources
2019-03-23 13:44:52,938 [Worker-49] INFO  o.e.m.c.i.embedder.EclipseLogger - Using 'UTF-8' encoding to copy filtered resources.
2019-03-23 13:44:52,938 [Worker-49] INFO  o.e.m.c.i.embedder.EclipseLogger - skip non existing resourceDirectory C:\Users\Jhenerson\workspace\AquecimentoN1Test\TestesJUnit\src\main\resources
2019-03-23 13:44:52,945 [Worker-49] INFO  o.e.m.c.i.embedder.EclipseLogger - Using 'UTF-8' encoding to copy filtered resources.
2019-03-23 13:44:52,945 [Worker-49] INFO  o.e.m.c.i.embedder.EclipseLogger - skip non existing resourceDirectory C:\Users\Jhenerson\workspace\AquecimentoN1Test\TestesJUnit\src\test\resources
2019-03-23 13:45:04,669 [Worker-52] INFO  o.e.m.c.i.embedder.EclipseLogger - Using 'UTF-8' encoding to copy filtered resources.
2019-03-23 13:45:04,679 [Worker-52] INFO  o.e.m.c.i.embedder.EclipseLogger - skip non existing resourceDirectory C:\Users\Jhenerson\workspace\AquecimentoN1Test\TestesJUnit\src\main\resources
2019-03-23 13:45:04,679 [Worker-52] INFO  o.e.m.c.i.embedder.EclipseLogger - Using 'UTF-8' encoding to copy filtered resources.
2019-03-23 13:45:04,689 [Worker-52] INFO  o.e.m.c.i.embedder.EclipseLogger - skip non existing resourceDirectory C:\Users\Jhenerson\workspace\AquecimentoN1Test\TestesJUnit\src\test\resources
2019-03-23 13:46:00,310 [Worker-54] INFO  o.e.m.c.i.embedder.EclipseLogger - Using 'UTF-8' encoding to copy filtered resources.
2019-03-23 13:46:00,320 [Worker-54] INFO  o.e.m.c.i.embedder.EclipseLogger - skip non existing resourceDirectory C:\Users\Jhenerson\workspace\AquecimentoN1Test\TestesJUnit\src\main\resources
2019-03-23 13:46:00,340 [Worker-54] INFO  o.e.m.c.i.embedder.EclipseLogger - Using 'UTF-8' encoding to copy filtered resources.
2019-03-23 13:46:00,351 [Worker-54] INFO  o.e.m.c.i.embedder.EclipseLogger - skip non existing resourceDirectory C:\Users\Jhenerson\workspace\AquecimentoN1Test\TestesJUnit\src\test\resources
2019-03-23 14:45:32,115 [Worker-68] INFO  o.e.m.c.i.embedder.EclipseLogger - Using 'UTF-8' encoding to copy filtered resources.
2019-03-23 14:45:32,115 [Worker-68] INFO  o.e.m.c.i.embedder.EclipseLogger - skip non existing resourceDirectory C:\Users\Jhenerson\workspace\AquecimentoN1Test\TestesJUnit\src\main\resources
2019-03-23 14:45:32,135 [Worker-68] INFO  o.e.m.c.i.embedder.EclipseLogger - Using 'UTF-8' encoding to copy filtered resources.
2019-03-23 14:45:32,140 [Worker-68] INFO  o.e.m.c.i.embedder.EclipseLogger - skip non existing resourceDirectory C:\Users\Jhenerson\workspace\AquecimentoN1Test\TestesJUnit\src\test\resources
2019-03-23 14:47:13,844 [Worker-67] INFO  o.e.m.c.i.embedder.EclipseLogger - Using 'UTF-8' encoding to copy filtered resources.
2019-03-23 14:47:13,855 [Worker-67] INFO  o.e.m.c.i.embedder.EclipseLogger - skip non existing resourceDirectory C:\Users\Jhenerson\workspace\AquecimentoN1Test\TestesJUnit\src\main\resources
2019-03-23 14:47:13,855 [Worker-67] INFO  o.e.m.c.i.embedder.EclipseLogger - Using 'UTF-8' encoding to copy filtered resources.
2019-03-23 14:47:13,855 [Worker-67] INFO  o.e.m.c.i.embedder.EclipseLogger - skip non existing resourceDirectory C:\Users\Jhenerson\workspace\AquecimentoN1Test\TestesJUnit\src\test\resources
2019-03-23 14:47:52,649 [Worker-70] INFO  o.e.m.c.i.embedder.EclipseLogger - Using 'UTF-8' encoding to copy filtered resources.
2019-03-23 14:47:52,656 [Worker-70] INFO  o.e.m.c.i.embedder.EclipseLogger - skip non existing resourceDirectory C:\Users\Jhenerson\workspace\AquecimentoN1Test\TestesJUnit\src\main\resources
2019-03-23 14:47:52,664 [Worker-70] INFO  o.e.m.c.i.embedder.EclipseLogger - Using 'UTF-8' encoding to copy filtered resources.
2019-03-23 14:47:52,665 [Worker-70] INFO  o.e.m.c.i.embedder.EclipseLogger - skip non existing resourceDirectory C:\Users\Jhenerson\workspace\AquecimentoN1Test\TestesJUnit\src\test\resources
2019-03-23 14:48:20,815 [Worker-74] INFO  o.e.m.c.i.embedder.EclipseLogger - Using 'UTF-8' encoding to copy filtered resources.
2019-03-23 14:48:20,815 [Worker-74] INFO  o.e.m.c.i.embedder.EclipseLogger - skip non existing resourceDirectory C:\Users\Jhenerson\workspace\AquecimentoN1Test\TestesJUnit\src\main\resources
2019-03-23 14:48:20,825 [Worker-74] INFO  o.e.m.c.i.embedder.EclipseLogger - Using 'UTF-8' encoding to copy filtered resources.
2019-03-23 14:48:20,825 [Worker-74] INFO  o.e.m.c.i.embedder.EclipseLogger - skip non existing resourceDirectory C:\Users\Jhenerson\workspace\AquecimentoN1Test\TestesJUnit\src\test\resources
2019-03-23 14:50:16,079 [Worker-74] INFO  o.e.m.c.i.embedder.EclipseLogger - Using 'UTF-8' encoding to copy filtered resources.
2019-03-23 14:50:16,086 [Worker-74] INFO  o.e.m.c.i.embedder.EclipseLogger - skip non existing resourceDirectory C:\Users\Jhenerson\workspace\AquecimentoN1Test\TestesJUnit\src\main\resources
2019-03-23 14:50:16,095 [Worker-74] INFO  o.e.m.c.i.embedder.EclipseLogger - Using 'UTF-8' encoding to copy filtered resources.
2019-03-23 14:50:16,106 [Worker-74] INFO  o.e.m.c.i.embedder.EclipseLogger - skip non existing resourceDirectory C:\Users\Jhenerson\workspace\AquecimentoN1Test\TestesJUnit\src\test\resources
2019-03-23 14:50:29,424 [Worker-71] INFO  o.e.m.c.i.embedder.EclipseLogger - Using 'UTF-8' encoding to copy filtered resources.
2019-03-23 14:50:29,434 [Worker-71] INFO  o.e.m.c.i.embedder.EclipseLogger - skip non existing resourceDirectory C:\Users\Jhenerson\workspace\AquecimentoN1Test\TestesJUnit\src\main\resources
2019-03-23 14:50:29,434 [Worker-71] INFO  o.e.m.c.i.embedder.EclipseLogger - Using 'UTF-8' encoding to copy filtered resources.
2019-03-23 14:50:29,444 [Worker-71] INFO  o.e.m.c.i.embedder.EclipseLogger - skip non existing resourceDirectory C:\Users\Jhenerson\workspace\AquecimentoN1Test\TestesJUnit\src\test\resources
2019-03-23 14:51:04,869 [Worker-67] INFO  o.e.m.c.i.embedder.EclipseLogger - Using 'UTF-8' encoding to copy filtered resources.
2019-03-23 14:51:04,884 [Worker-67] INFO  o.e.m.c.i.embedder.EclipseLogger - skip non existing resourceDirectory C:\Users\Jhenerson\workspace\AquecimentoN1Test\TestesJUnit\src\main\resources
2019-03-23 14:51:04,900 [Worker-67] INFO  o.e.m.c.i.embedder.EclipseLogger - Using 'UTF-8' encoding to copy filtered resources.
2019-03-23 14:51:04,900 [Worker-67] INFO  o.e.m.c.i.embedder.EclipseLogger - skip non existing resourceDirectory C:\Users\Jhenerson\workspace\AquecimentoN1Test\TestesJUnit\src\test\resources
2019-03-23 14:51:19,604 [Worker-74] INFO  o.e.m.c.i.embedder.EclipseLogger - Using 'UTF-8' encoding to copy filtered resources.
2019-03-23 14:51:19,614 [Worker-74] INFO  o.e.m.c.i.embedder.EclipseLogger - skip non existing resourceDirectory C:\Users\Jhenerson\workspace\AquecimentoN1Test\TestesJUnit\src\main\resources
2019-03-23 14:51:19,614 [Worker-74] INFO  o.e.m.c.i.embedder.EclipseLogger - Using 'UTF-8' encoding to copy filtered resources.
2019-03-23 14:51:19,624 [Worker-74] INFO  o.e.m.c.i.embedder.EclipseLogger - skip non existing resourceDirectory C:\Users\Jhenerson\workspace\AquecimentoN1Test\TestesJUnit\src\test\resources
2019-03-23 14:52:41,011 [Worker-73] INFO  o.e.m.c.i.embedder.EclipseLogger - Using 'UTF-8' encoding to copy filtered resources.
2019-03-23 14:52:41,021 [Worker-73] INFO  o.e.m.c.i.embedder.EclipseLogger - skip non existing resourceDirectory C:\Users\Jhenerson\workspace\AquecimentoN1Test\TestesJUnit\src\main\resources
2019-03-23 14:52:41,025 [Worker-73] INFO  o.e.m.c.i.embedder.EclipseLogger - Using 'UTF-8' encoding to copy filtered resources.
2019-03-23 14:52:41,031 [Worker-73] INFO  o.e.m.c.i.embedder.EclipseLogger - skip non existing resourceDirectory C:\Users\Jhenerson\workspace\AquecimentoN1Test\TestesJUnit\src\test\resources
2019-03-23 14:53:29,915 [Worker-64] INFO  o.e.m.c.i.embedder.EclipseLogger - Using 'UTF-8' encoding to copy filtered resources.
2019-03-23 14:53:29,915 [Worker-64] INFO  o.e.m.c.i.embedder.EclipseLogger - skip non existing resourceDirectory C:\Users\Jhenerson\workspace\AquecimentoN1Test\TestesJUnit\src\main\resources
2019-03-23 14:53:29,924 [Worker-64] INFO  o.e.m.c.i.embedder.EclipseLogger - Using 'UTF-8' encoding to copy filtered resources.
2019-03-23 14:53:29,935 [Worker-64] INFO  o.e.m.c.i.embedder.EclipseLogger - skip non existing resourceDirectory C:\Users\Jhenerson\workspace\AquecimentoN1Test\TestesJUnit\src\test\resources
2019-03-23 14:54:39,190 [Worker-70] INFO  o.e.m.c.i.embedder.EclipseLogger - Using 'UTF-8' encoding to copy filtered resources.
2019-03-23 14:54:39,195 [Worker-70] INFO  o.e.m.c.i.embedder.EclipseLogger - skip non existing resourceDirectory C:\Users\Jhenerson\workspace\AquecimentoN1Test\TestesJUnit\src\main\resources
2019-03-23 14:54:39,195 [Worker-70] INFO  o.e.m.c.i.embedder.EclipseLogger - Using 'UTF-8' encoding to copy filtered resources.
2019-03-23 14:54:39,207 [Worker-70] INFO  o.e.m.c.i.embedder.EclipseLogger - skip non existing resourceDirectory C:\Users\Jhenerson\workspace\AquecimentoN1Test\TestesJUnit\src\test\resources
2019-03-23 14:58:28,615 [Worker-71] INFO  o.e.m.c.i.embedder.EclipseLogger - Using 'UTF-8' encoding to copy filtered resources.
2019-03-23 14:58:28,625 [Worker-71] INFO  o.e.m.c.i.embedder.EclipseLogger - skip non existing resourceDirectory C:\Users\Jhenerson\workspace\AquecimentoN1Test\TestesJUnit\src\main\resources
2019-03-23 14:58:28,630 [Worker-71] INFO  o.e.m.c.i.embedder.EclipseLogger - Using 'UTF-8' encoding to copy filtered resources.
2019-03-23 14:58:28,635 [Worker-71] INFO  o.e.m.c.i.embedder.EclipseLogger - skip non existing resourceDirectory C:\Users\Jhenerson\workspace\AquecimentoN1Test\TestesJUnit\src\test\resources
2019-03-23 15:05:03,015 [Worker-83] INFO  o.e.m.c.i.embedder.EclipseLogger - Using 'UTF-8' encoding to copy filtered resources.
2019-03-23 15:05:03,018 [Worker-83] INFO  o.e.m.c.i.embedder.EclipseLogger - skip non existing resourceDirectory C:\Users\Jhenerson\workspace\AquecimentoN1Test\TestesJUnit\src\main\resources
2019-03-23 15:05:03,024 [Worker-83] INFO  o.e.m.c.i.embedder.EclipseLogger - Using 'UTF-8' encoding to copy filtered resources.
2019-03-23 15:05:03,024 [Worker-83] INFO  o.e.m.c.i.embedder.EclipseLogger - skip non existing resourceDirectory C:\Users\Jhenerson\workspace\AquecimentoN1Test\TestesJUnit\src\test\resources
2019-03-23 15:09:00,245 [Worker-80] INFO  o.e.m.c.i.embedder.EclipseLogger - Using 'UTF-8' encoding to copy filtered resources.
2019-03-23 15:09:00,256 [Worker-80] INFO  o.e.m.c.i.embedder.EclipseLogger - skip non existing resourceDirectory C:\Users\Jhenerson\workspace\AquecimentoN1Test\TestesJUnit\src\main\resources
2019-03-23 15:09:00,265 [Worker-80] INFO  o.e.m.c.i.embedder.EclipseLogger - Using 'UTF-8' encoding to copy filtered resources.
2019-03-23 15:09:00,276 [Worker-80] INFO  o.e.m.c.i.embedder.EclipseLogger - skip non existing resourceDirectory C:\Users\Jhenerson\workspace\AquecimentoN1Test\TestesJUnit\src\test\resources
2019-03-23 15:09:24,159 [Worker-80] INFO  o.e.m.c.i.embedder.EclipseLogger - Using 'UTF-8' encoding to copy filtered resources.
2019-03-23 15:09:24,159 [Worker-80] INFO  o.e.m.c.i.embedder.EclipseLogger - skip non existing resourceDirectory C:\Users\Jhenerson\workspace\AquecimentoN1Test\TestesJUnit\src\main\resources
2019-03-23 15:09:24,159 [Worker-80] INFO  o.e.m.c.i.embedder.EclipseLogger - Using 'UTF-8' encoding to copy filtered resources.
2019-03-23 15:09:24,169 [Worker-80] INFO  o.e.m.c.i.embedder.EclipseLogger - skip non existing resourceDirectory C:\Users\Jhenerson\workspace\AquecimentoN1Test\TestesJUnit\src\test\resources
2019-03-23 15:09:39,690 [Worker-80] INFO  o.e.m.c.i.embedder.EclipseLogger - Using 'UTF-8' encoding to copy filtered resources.
2019-03-23 15:09:39,702 [Worker-80] INFO  o.e.m.c.i.embedder.EclipseLogger - skip non existing resourceDirectory C:\Users\Jhenerson\workspace\AquecimentoN1Test\TestesJUnit\src\main\resources
2019-03-23 15:09:39,702 [Worker-80] INFO  o.e.m.c.i.embedder.EclipseLogger - Using 'UTF-8' encoding to copy filtered resources.
2019-03-23 15:09:39,702 [Worker-80] INFO  o.e.m.c.i.embedder.EclipseLogger - skip non existing resourceDirectory C:\Users\Jhenerson\workspace\AquecimentoN1Test\TestesJUnit\src\test\resources
2019-03-23 15:10:05,118 [Worker-77] INFO  o.e.m.c.i.embedder.EclipseLogger - Using 'UTF-8' encoding to copy filtered resources.
2019-03-23 15:10:05,129 [Worker-77] INFO  o.e.m.c.i.embedder.EclipseLogger - skip non existing resourceDirectory C:\Users\Jhenerson\workspace\AquecimentoN1Test\TestesJUnit\src\main\resources
2019-03-23 15:10:05,139 [Worker-77] INFO  o.e.m.c.i.embedder.EclipseLogger - Using 'UTF-8' encoding to copy filtered resources.
2019-03-23 15:10:05,149 [Worker-77] INFO  o.e.m.c.i.embedder.EclipseLogger - skip non existing resourceDirectory C:\Users\Jhenerson\workspace\AquecimentoN1Test\TestesJUnit\src\test\resources
2019-03-23 15:10:08,623 [Worker-77] INFO  o.e.m.c.i.embedder.EclipseLogger - Using 'UTF-8' encoding to copy filtered resources.
2019-03-23 15:10:08,633 [Worker-77] INFO  o.e.m.c.i.embedder.EclipseLogger - skip non existing resourceDirectory C:\Users\Jhenerson\workspace\AquecimentoN1Test\TestesJUnit\src\main\resources
2019-03-23 15:10:08,643 [Worker-77] INFO  o.e.m.c.i.embedder.EclipseLogger - Using 'UTF-8' encoding to copy filtered resources.
2019-03-23 15:10:08,654 [Worker-77] INFO  o.e.m.c.i.embedder.EclipseLogger - skip non existing resourceDirectory C:\Users\Jhenerson\workspace\AquecimentoN1Test\TestesJUnit\src\test\resources
2019-03-23 15:13:09,427 [Worker-89] INFO  o.e.m.c.i.embedder.EclipseLogger - Using 'UTF-8' encoding to copy filtered resources.
2019-03-23 15:13:09,427 [Worker-89] INFO  o.e.m.c.i.embedder.EclipseLogger - skip non existing resourceDirectory C:\Users\Jhenerson\workspace\AquecimentoN1Test\TestesJUnit\src\main\resources
2019-03-23 15:13:09,437 [Worker-89] INFO  o.e.m.c.i.embedder.EclipseLogger - Using 'UTF-8' encoding to copy filtered resources.
2019-03-23 15:13:09,447 [Worker-89] INFO  o.e.m.c.i.embedder.EclipseLogger - skip non existing resourceDirectory C:\Users\Jhenerson\workspace\AquecimentoN1Test\TestesJUnit\src\test\resources
2019-03-23 15:13:28,321 [Worker-83] INFO  o.e.m.c.i.embedder.EclipseLogger - Using 'UTF-8' encoding to copy filtered resources.
2019-03-23 15:13:28,326 [Worker-83] INFO  o.e.m.c.i.embedder.EclipseLogger - skip non existing resourceDirectory C:\Users\Jhenerson\workspace\AquecimentoN1Test\TestesJUnit\src\main\resources
2019-03-23 15:13:28,332 [Worker-83] INFO  o.e.m.c.i.embedder.EclipseLogger - Using 'UTF-8' encoding to copy filtered resources.
2019-03-23 15:13:28,332 [Worker-83] INFO  o.e.m.c.i.embedder.EclipseLogger - skip non existing resourceDirectory C:\Users\Jhenerson\workspace\AquecimentoN1Test\TestesJUnit\src\test\resources
2019-03-23 15:14:58,236 [Worker-83] INFO  o.e.m.c.i.embedder.EclipseLogger - Using 'UTF-8' encoding to copy filtered resources.
2019-03-23 15:14:58,252 [Worker-83] INFO  o.e.m.c.i.embedder.EclipseLogger - skip non existing resourceDirectory C:\Users\Jhenerson\workspace\AquecimentoN1Test\TestesJUnit\src\main\resources
2019-03-23 15:14:58,252 [Worker-83] INFO  o.e.m.c.i.embedder.EclipseLogger - Using 'UTF-8' encoding to copy filtered resources.
2019-03-23 15:14:58,267 [Worker-83] INFO  o.e.m.c.i.embedder.EclipseLogger - skip non existing resourceDirectory C:\Users\Jhenerson\workspace\AquecimentoN1Test\TestesJUnit\src\test\resources
2019-03-23 15:15:01,486 [Worker-89] INFO  o.e.m.c.i.embedder.EclipseLogger - Using 'UTF-8' encoding to copy filtered resources.
2019-03-23 15:15:01,486 [Worker-89] INFO  o.e.m.c.i.embedder.EclipseLogger - skip non existing resourceDirectory C:\Users\Jhenerson\workspace\AquecimentoN1Test\TestesJUnit\src\main\resources
2019-03-23 15:15:01,486 [Worker-89] INFO  o.e.m.c.i.embedder.EclipseLogger - Using 'UTF-8' encoding to copy filtered resources.
2019-03-23 15:15:01,502 [Worker-89] INFO  o.e.m.c.i.embedder.EclipseLogger - skip non existing resourceDirectory C:\Users\Jhenerson\workspace\AquecimentoN1Test\TestesJUnit\src\test\resources
2019-03-23 15:15:05,127 [Worker-85] INFO  o.e.m.c.i.embedder.EclipseLogger - Using 'UTF-8' encoding to copy filtered resources.
2019-03-23 15:15:05,143 [Worker-85] INFO  o.e.m.c.i.embedder.EclipseLogger - skip non existing resourceDirectory C:\Users\Jhenerson\workspace\AquecimentoN1Test\TestesJUnit\src\main\resources
2019-03-23 15:15:05,143 [Worker-85] INFO  o.e.m.c.i.embedder.EclipseLogger - Using 'UTF-8' encoding to copy filtered resources.
2019-03-23 15:15:05,143 [Worker-85] INFO  o.e.m.c.i.embedder.EclipseLogger - skip non existing resourceDirectory C:\Users\Jhenerson\workspace\AquecimentoN1Test\TestesJUnit\src\test\resources
2019-03-23 15:16:04,271 [Worker-89] INFO  o.e.m.c.i.embedder.EclipseLogger - Using 'UTF-8' encoding to copy filtered resources.
2019-03-23 15:16:04,271 [Worker-89] INFO  o.e.m.c.i.embedder.EclipseLogger - skip non existing resourceDirectory C:\Users\Jhenerson\workspace\AquecimentoN1Test\TestesJUnit\src\main\resources
2019-03-23 15:16:04,271 [Worker-89] INFO  o.e.m.c.i.embedder.EclipseLogger - Using 'UTF-8' encoding to copy filtered resources.
2019-03-23 15:16:04,287 [Worker-89] INFO  o.e.m.c.i.embedder.EclipseLogger - skip non existing resourceDirectory C:\Users\Jhenerson\workspace\AquecimentoN1Test\TestesJUnit\src\test\resources
2019-03-23 15:17:15,799 [Worker-83] INFO  o.e.m.c.i.embedder.EclipseLogger - Using 'UTF-8' encoding to copy filtered resources.
2019-03-23 15:17:15,815 [Worker-83] INFO  o.e.m.c.i.embedder.EclipseLogger - skip non existing resourceDirectory C:\Users\Jhenerson\workspace\AquecimentoN1Test\TestesJUnit\src\main\resources
2019-03-23 15:17:15,815 [Worker-83] INFO  o.e.m.c.i.embedder.EclipseLogger - Using 'UTF-8' encoding to copy filtered resources.
2019-03-23 15:17:15,830 [Worker-83] INFO  o.e.m.c.i.embedder.EclipseLogger - skip non existing resourceDirectory C:\Users\Jhenerson\workspace\AquecimentoN1Test\TestesJUnit\src\test\resources
2019-03-23 15:17:36,396 [Worker-77] INFO  o.e.m.c.i.embedder.EclipseLogger - Using 'UTF-8' encoding to copy filtered resources.
2019-03-23 15:17:36,412 [Worker-77] INFO  o.e.m.c.i.embedder.EclipseLogger - skip non existing resourceDirectory C:\Users\Jhenerson\workspace\AquecimentoN1Test\TestesJUnit\src\main\resources
2019-03-23 15:17:36,412 [Worker-77] INFO  o.e.m.c.i.embedder.EclipseLogger - Using 'UTF-8' encoding to copy filtered resources.
2019-03-23 15:17:36,428 [Worker-77] INFO  o.e.m.c.i.embedder.EclipseLogger - skip non existing resourceDirectory C:\Users\Jhenerson\workspace\AquecimentoN1Test\TestesJUnit\src\test\resources
2019-03-23 15:17:39,459 [Worker-83] INFO  o.e.m.c.i.embedder.EclipseLogger - Using 'UTF-8' encoding to copy filtered resources.
2019-03-23 15:17:39,459 [Worker-83] INFO  o.e.m.c.i.embedder.EclipseLogger - skip non existing resourceDirectory C:\Users\Jhenerson\workspace\AquecimentoN1Test\TestesJUnit\src\main\resources
2019-03-23 15:17:39,475 [Worker-83] INFO  o.e.m.c.i.embedder.EclipseLogger - Using 'UTF-8' encoding to copy filtered resources.
2019-03-23 15:17:39,475 [Worker-83] INFO  o.e.m.c.i.embedder.EclipseLogger - skip non existing resourceDirectory C:\Users\Jhenerson\workspace\AquecimentoN1Test\TestesJUnit\src\test\resources
2019-03-23 15:18:13,192 [Worker-86] INFO  o.e.m.c.i.embedder.EclipseLogger - Using 'UTF-8' encoding to copy filtered resources.
2019-03-23 15:18:13,207 [Worker-86] INFO  o.e.m.c.i.embedder.EclipseLogger - skip non existing resourceDirectory C:\Users\Jhenerson\workspace\AquecimentoN1Test\TestesJUnit\src\main\resources
2019-03-23 15:18:13,207 [Worker-86] INFO  o.e.m.c.i.embedder.EclipseLogger - Using 'UTF-8' encoding to copy filtered resources.
2019-03-23 15:18:13,223 [Worker-86] INFO  o.e.m.c.i.embedder.EclipseLogger - skip non existing resourceDirectory C:\Users\Jhenerson\workspace\AquecimentoN1Test\TestesJUnit\src\test\resources
2019-03-23 15:18:38,383 [Worker-87] INFO  o.e.m.c.i.embedder.EclipseLogger - Using 'UTF-8' encoding to copy filtered resources.
2019-03-23 15:18:38,399 [Worker-87] INFO  o.e.m.c.i.embedder.EclipseLogger - skip non existing resourceDirectory C:\Users\Jhenerson\workspace\AquecimentoN1Test\TestesJUnit\src\main\resources
2019-03-23 15:18:38,399 [Worker-87] INFO  o.e.m.c.i.embedder.EclipseLogger - Using 'UTF-8' encoding to copy filtered resources.
2019-03-23 15:18:38,399 [Worker-87] INFO  o.e.m.c.i.embedder.EclipseLogger - skip non existing resourceDirectory C:\Users\Jhenerson\workspace\AquecimentoN1Test\TestesJUnit\src\test\resources
2019-03-23 15:18:53,808 [Worker-80] INFO  o.e.m.c.i.embedder.EclipseLogger - Using 'UTF-8' encoding to copy filtered resources.
2019-03-23 15:18:53,808 [Worker-80] INFO  o.e.m.c.i.embedder.EclipseLogger - skip non existing resourceDirectory C:\Users\Jhenerson\workspace\AquecimentoN1Test\TestesJUnit\src\main\resources
2019-03-23 15:18:53,808 [Worker-80] INFO  o.e.m.c.i.embedder.EclipseLogger - Using 'UTF-8' encoding to copy filtered resources.
2019-03-23 15:18:53,824 [Worker-80] INFO  o.e.m.c.i.embedder.EclipseLogger - skip non existing resourceDirectory C:\Users\Jhenerson\workspace\AquecimentoN1Test\TestesJUnit\src\test\resources
2019-03-23 15:19:01,248 [Worker-90] INFO  o.e.m.c.i.embedder.EclipseLogger - Using 'UTF-8' encoding to copy filtered resources.
2019-03-23 15:19:01,248 [Worker-90] INFO  o.e.m.c.i.embedder.EclipseLogger - skip non existing resourceDirectory C:\Users\Jhenerson\workspace\AquecimentoN1Test\TestesJUnit\src\main\resources
2019-03-23 15:19:01,264 [Worker-90] INFO  o.e.m.c.i.embedder.EclipseLogger - Using 'UTF-8' encoding to copy filtered resources.
2019-03-23 15:19:01,280 [Worker-90] INFO  o.e.m.c.i.embedder.EclipseLogger - skip non existing resourceDirectory C:\Users\Jhenerson\workspace\AquecimentoN1Test\TestesJUnit\src\test\resources
2019-03-23 15:20:30,029 [Worker-71] INFO  o.e.m.c.i.embedder.EclipseLogger - Using 'UTF-8' encoding to copy filtered resources.
2019-03-23 15:20:30,045 [Worker-71] INFO  o.e.m.c.i.embedder.EclipseLogger - skip non existing resourceDirectory C:\Users\Jhenerson\workspace\AquecimentoN1Test\TestesJUnit\src\main\resources
2019-03-23 15:20:30,061 [Worker-71] INFO  o.e.m.c.i.embedder.EclipseLogger - Using 'UTF-8' encoding to copy filtered resources.
2019-03-23 15:20:30,061 [Worker-71] INFO  o.e.m.c.i.embedder.EclipseLogger - skip non existing resourceDirectory C:\Users\Jhenerson\workspace\AquecimentoN1Test\TestesJUnit\src\test\resources
2019-03-23 15:21:35,689 [Worker-82] INFO  o.e.m.c.i.embedder.EclipseLogger - Using 'UTF-8' encoding to copy filtered resources.
2019-03-23 15:21:35,689 [Worker-82] INFO  o.e.m.c.i.embedder.EclipseLogger - skip non existing resourceDirectory C:\Users\Jhenerson\workspace\AquecimentoN1Test\TestesJUnit\src\main\resources
2019-03-23 15:21:35,704 [Worker-82] INFO  o.e.m.c.i.embedder.EclipseLogger - Using 'UTF-8' encoding to copy filtered resources.
2019-03-23 15:21:35,704 [Worker-82] INFO  o.e.m.c.i.embedder.EclipseLogger - skip non existing resourceDirectory C:\Users\Jhenerson\workspace\AquecimentoN1Test\TestesJUnit\src\test\resources
2019-03-23 15:23:14,296 [Worker-89] INFO  o.e.m.c.i.embedder.EclipseLogger - Using 'UTF-8' encoding to copy filtered resources.
2019-03-23 15:23:14,306 [Worker-89] INFO  o.e.m.c.i.embedder.EclipseLogger - skip non existing resourceDirectory C:\Users\Jhenerson\workspace\AquecimentoN1Test\TestesJUnit\src\main\resources
2019-03-23 15:23:14,306 [Worker-89] INFO  o.e.m.c.i.embedder.EclipseLogger - Using 'UTF-8' encoding to copy filtered resources.
2019-03-23 15:23:14,316 [Worker-89] INFO  o.e.m.c.i.embedder.EclipseLogger - skip non existing resourceDirectory C:\Users\Jhenerson\workspace\AquecimentoN1Test\TestesJUnit\src\test\resources
2019-03-23 15:23:36,066 [Worker-79] INFO  o.e.m.c.i.embedder.EclipseLogger - Using 'UTF-8' encoding to copy filtered resources.
2019-03-23 15:23:36,076 [Worker-79] INFO  o.e.m.c.i.embedder.EclipseLogger - skip non existing resourceDirectory C:\Users\Jhenerson\workspace\AquecimentoN1Test\TestesJUnit\src\main\resources
2019-03-23 15:23:36,076 [Worker-79] INFO  o.e.m.c.i.embedder.EclipseLogger - Using 'UTF-8' encoding to copy filtered resources.
2019-03-23 15:23:36,086 [Worker-79] INFO  o.e.m.c.i.embedder.EclipseLogger - skip non existing resourceDirectory C:\Users\Jhenerson\workspace\AquecimentoN1Test\TestesJUnit\src\test\resources
2019-03-23 15:24:53,353 [Worker-77] INFO  o.e.m.c.i.embedder.EclipseLogger - Using 'UTF-8' encoding to copy filtered resources.
2019-03-23 15:24:53,353 [Worker-77] INFO  o.e.m.c.i.embedder.EclipseLogger - skip non existing resourceDirectory C:\Users\Jhenerson\workspace\AquecimentoN1Test\TestesJUnit\src\main\resources
2019-03-23 15:24:53,363 [Worker-77] INFO  o.e.m.c.i.embedder.EclipseLogger - Using 'UTF-8' encoding to copy filtered resources.
2019-03-23 15:24:53,363 [Worker-77] INFO  o.e.m.c.i.embedder.EclipseLogger - skip non existing resourceDirectory C:\Users\Jhenerson\workspace\AquecimentoN1Test\TestesJUnit\src\test\resources
2019-03-23 15:25:51,042 [Worker-90] INFO  o.e.m.c.i.embedder.EclipseLogger - Using 'UTF-8' encoding to copy filtered resources.
2019-03-23 15:25:51,052 [Worker-90] INFO  o.e.m.c.i.embedder.EclipseLogger - skip non existing resourceDirectory C:\Users\Jhenerson\workspace\AquecimentoN1Test\TestesJUnit\src\main\resources
2019-03-23 15:25:51,052 [Worker-90] INFO  o.e.m.c.i.embedder.EclipseLogger - Using 'UTF-8' encoding to copy filtered resources.
2019-03-23 15:25:51,062 [Worker-90] INFO  o.e.m.c.i.embedder.EclipseLogger - skip non existing resourceDirectory C:\Users\Jhenerson\workspace\AquecimentoN1Test\TestesJUnit\src\test\resources
2019-03-23 15:25:55,329 [Worker-71] INFO  o.e.m.c.i.embedder.EclipseLogger - Using 'UTF-8' encoding to copy filtered resources.
2019-03-23 15:25:55,344 [Worker-71] INFO  o.e.m.c.i.embedder.EclipseLogger - skip non existing resourceDirectory C:\Users\Jhenerson\workspace\AquecimentoN1Test\TestesJUnit\src\main\resources
2019-03-23 15:25:55,353 [Worker-71] INFO  o.e.m.c.i.embedder.EclipseLogger - Using 'UTF-8' encoding to copy filtered resources.
2019-03-23 15:25:55,363 [Worker-71] INFO  o.e.m.c.i.embedder.EclipseLogger - skip non existing resourceDirectory C:\Users\Jhenerson\workspace\AquecimentoN1Test\TestesJUnit\src\test\resources
2019-03-23 15:26:45,441 [Worker-91] INFO  o.e.m.c.i.embedder.EclipseLogger - Using 'UTF-8' encoding to copy filtered resources.
2019-03-23 15:26:45,452 [Worker-91] INFO  o.e.m.c.i.embedder.EclipseLogger - skip non existing resourceDirectory C:\Users\Jhenerson\workspace\AquecimentoN1Test\TestesJUnit\src\main\resources
2019-03-23 15:26:45,452 [Worker-91] INFO  o.e.m.c.i.embedder.EclipseLogger - Using 'UTF-8' encoding to copy filtered resources.
2019-03-23 15:26:45,462 [Worker-91] INFO  o.e.m.c.i.embedder.EclipseLogger - skip non existing resourceDirectory C:\Users\Jhenerson\workspace\AquecimentoN1Test\TestesJUnit\src\test\resources
2019-03-23 15:27:14,942 [Worker-87] INFO  o.e.m.c.i.e.AbstractTransferListenerAdapter - Downloading https://repo.maven.apache.org/maven2/junit/junit/4.12/junit-4.12-sources.jar
2019-03-23 15:27:17,665 [Worker-87] INFO  o.e.m.c.i.e.AbstractTransferListenerAdapter - Downloaded https://repo.maven.apache.org/maven2/junit/junit/4.12/junit-4.12-sources.jar
2019-03-23 15:27:17,787 [Worker-87] INFO  o.e.m.j.internal.DownloadSourcesJob - Downloaded sources for junit:junit:4.12
2019-03-23 15:27:17,990 [Worker-85] INFO  o.e.m.c.i.embedder.EclipseLogger - Using 'UTF-8' encoding to copy filtered resources.
2019-03-23 15:27:17,992 [Worker-85] INFO  o.e.m.c.i.embedder.EclipseLogger - skip non existing resourceDirectory C:\Users\Jhenerson\workspace\AquecimentoN1Test\TestesJUnit\src\main\resources
2019-03-23 15:27:17,992 [Worker-85] INFO  o.e.m.c.i.embedder.EclipseLogger - Using 'UTF-8' encoding to copy filtered resources.
2019-03-23 15:27:17,992 [Worker-85] INFO  o.e.m.c.i.embedder.EclipseLogger - skip non existing resourceDirectory C:\Users\Jhenerson\workspace\AquecimentoN1Test\TestesJUnit\src\test\resources
2019-03-23 15:27:18,888 [Worker-79] INFO  o.e.m.j.internal.DownloadSourcesJob - Downloaded sources for junit:junit:4.12
2019-03-23 15:27:19,026 [Worker-71] INFO  o.e.m.c.i.embedder.EclipseLogger - Using 'UTF-8' encoding to copy filtered resources.
2019-03-23 15:27:19,036 [Worker-71] INFO  o.e.m.c.i.embedder.EclipseLogger - skip non existing resourceDirectory C:\Users\Jhenerson\workspace\AquecimentoN1Test\TestesJUnit\src\main\resources
2019-03-23 15:27:19,046 [Worker-71] INFO  o.e.m.c.i.embedder.EclipseLogger - Using 'UTF-8' encoding to copy filtered resources.
2019-03-23 15:27:19,057 [Worker-71] INFO  o.e.m.c.i.embedder.EclipseLogger - skip non existing resourceDirectory C:\Users\Jhenerson\workspace\AquecimentoN1Test\TestesJUnit\src\test\resources
2019-03-23 15:48:57,268 [Worker-101] INFO  o.e.m.c.i.embedder.EclipseLogger - Using 'UTF-8' encoding to copy filtered resources.
2019-03-23 15:48:57,268 [Worker-101] INFO  o.e.m.c.i.embedder.EclipseLogger - skip non existing resourceDirectory C:\Users\Jhenerson\workspace\AquecimentoN1Test\TestesJUnit\src\main\resources
2019-03-23 15:48:57,272 [Worker-101] INFO  o.e.m.c.i.embedder.EclipseLogger - Using 'UTF-8' encoding to copy filtered resources.
2019-03-23 15:48:57,278 [Worker-101] INFO  o.e.m.c.i.embedder.EclipseLogger - skip non existing resourceDirectory C:\Users\Jhenerson\workspace\AquecimentoN1Test\TestesJUnit\src\test\resources
2019-03-27 16:10:09,428 [Worker-13] INFO  o.e.m.c.i.embedder.EclipseLogger - Using 'UTF-8' encoding to copy filtered resources.
2019-03-27 16:10:09,435 [Worker-13] INFO  o.e.m.c.i.embedder.EclipseLogger - skip non existing resourceDirectory C:\Users\Jhenerson\workspace\AquecimentoN1Test\TestesJUnit\src\main\resources
2019-03-27 16:10:09,435 [Worker-13] INFO  o.e.m.c.i.embedder.EclipseLogger - Using 'UTF-8' encoding to copy filtered resources.
2019-03-27 16:10:09,435 [Worker-13] INFO  o.e.m.c.i.embedder.EclipseLogger - skip non existing resourceDirectory C:\Users\Jhenerson\workspace\AquecimentoN1Test\TestesJUnit\src\test\resources
2019-03-27 16:10:18,933 [Worker-19] INFO  o.e.m.c.i.embedder.EclipseLogger - Using 'UTF-8' encoding to copy filtered resources.
2019-03-27 16:10:18,933 [Worker-19] INFO  o.e.m.c.i.embedder.EclipseLogger - skip non existing resourceDirectory C:\Users\Jhenerson\workspace\AquecimentoN1Test\TestesJUnit\src\main\resources
2019-03-27 16:10:18,933 [Worker-19] INFO  o.e.m.c.i.embedder.EclipseLogger - Using 'UTF-8' encoding to copy filtered resources.
2019-03-27 16:10:18,933 [Worker-19] INFO  o.e.m.c.i.embedder.EclipseLogger - skip non existing resourceDirectory C:\Users\Jhenerson\workspace\AquecimentoN1Test\TestesJUnit\src\test\resources
2019-03-27 16:11:22,008 [Worker-2] INFO  o.e.m.c.i.embedder.EclipseLogger - Using 'UTF-8' encoding to copy filtered resources.
2019-03-27 16:11:22,008 [Worker-2] INFO  o.e.m.c.i.embedder.EclipseLogger - skip non existing resourceDirectory C:\Users\Jhenerson\workspace\AquecimentoN1Test\TestesJUnit\src\main\resources
2019-03-27 16:11:22,008 [Worker-2] INFO  o.e.m.c.i.embedder.EclipseLogger - Using 'UTF-8' encoding to copy filtered resources.
2019-03-27 16:11:22,008 [Worker-2] INFO  o.e.m.c.i.embedder.EclipseLogger - skip non existing resourceDirectory C:\Users\Jhenerson\workspace\AquecimentoN1Test\TestesJUnit\src\test\resources
2019-03-27 16:11:52,454 [Worker-3] INFO  o.e.m.c.i.embedder.EclipseLogger - Using 'UTF-8' encoding to copy filtered resources.
2019-03-27 16:11:52,454 [Worker-3] INFO  o.e.m.c.i.embedder.EclipseLogger - skip non existing resourceDirectory C:\Users\Jhenerson\workspace\AquecimentoN1Test\TestesJUnit\src\main\resources
2019-03-27 16:11:52,454 [Worker-3] INFO  o.e.m.c.i.embedder.EclipseLogger - Using 'UTF-8' encoding to copy filtered resources.
2019-03-27 16:11:52,454 [Worker-3] INFO  o.e.m.c.i.embedder.EclipseLogger - skip non existing resourceDirectory C:\Users\Jhenerson\workspace\AquecimentoN1Test\TestesJUnit\src\test\resources
2019-03-27 16:13:47,896 [Worker-11] INFO  o.e.m.c.i.embedder.EclipseLogger - Using 'UTF-8' encoding to copy filtered resources.
2019-03-27 16:13:47,896 [Worker-11] INFO  o.e.m.c.i.embedder.EclipseLogger - skip non existing resourceDirectory C:\Users\Jhenerson\workspace\AquecimentoN1Test\TestesJUnit\src\main\resources
2019-03-27 16:13:47,896 [Worker-11] INFO  o.e.m.c.i.embedder.EclipseLogger - Using 'UTF-8' encoding to copy filtered resources.
2019-03-27 16:13:47,896 [Worker-11] INFO  o.e.m.c.i.embedder.EclipseLogger - skip non existing resourceDirectory C:\Users\Jhenerson\workspace\AquecimentoN1Test\TestesJUnit\src\test\resources
2019-03-27 16:14:28,988 [Worker-7] INFO  o.e.m.c.i.embedder.EclipseLogger - Using 'UTF-8' encoding to copy filtered resources.
2019-03-27 16:14:28,988 [Worker-7] INFO  o.e.m.c.i.embedder.EclipseLogger - skip non existing resourceDirectory C:\Users\Jhenerson\workspace\AquecimentoN1Test\TestesJUnit\src\main\resources
2019-03-27 16:14:28,998 [Worker-7] INFO  o.e.m.c.i.embedder.EclipseLogger - Using 'UTF-8' encoding to copy filtered resources.
2019-03-27 16:14:28,998 [Worker-7] INFO  o.e.m.c.i.embedder.EclipseLogger - skip non existing resourceDirectory C:\Users\Jhenerson\workspace\AquecimentoN1Test\TestesJUnit\src\test\resources
2019-03-27 16:15:34,501 [Worker-9] INFO  o.e.m.c.i.embedder.EclipseLogger - Using 'UTF-8' encoding to copy filtered resources.
2019-03-27 16:15:34,501 [Worker-9] INFO  o.e.m.c.i.embedder.EclipseLogger - skip non existing resourceDirectory C:\Users\Jhenerson\workspace\AquecimentoN1Test\TestesJUnit\src\main\resources
2019-03-27 16:15:34,501 [Worker-9] INFO  o.e.m.c.i.embedder.EclipseLogger - Using 'UTF-8' encoding to copy filtered resources.
2019-03-27 16:15:34,501 [Worker-9] INFO  o.e.m.c.i.embedder.EclipseLogger - skip non existing resourceDirectory C:\Users\Jhenerson\workspace\AquecimentoN1Test\TestesJUnit\src\test\resources
2019-03-27 16:16:46,384 [Worker-7] INFO  o.e.m.c.i.embedder.EclipseLogger - Using 'UTF-8' encoding to copy filtered resources.
2019-03-27 16:16:46,394 [Worker-7] INFO  o.e.m.c.i.embedder.EclipseLogger - skip non existing resourceDirectory C:\Users\Jhenerson\workspace\AquecimentoN1Test\TestesJUnit\src\main\resources
2019-03-27 16:16:46,404 [Worker-7] INFO  o.e.m.c.i.embedder.EclipseLogger - Using 'UTF-8' encoding to copy filtered resources.
2019-03-27 16:16:46,404 [Worker-7] INFO  o.e.m.c.i.embedder.EclipseLogger - skip non existing resourceDirectory C:\Users\Jhenerson\workspace\AquecimentoN1Test\TestesJUnit\src\test\resources
2019-03-27 16:17:03,291 [Worker-2] INFO  o.e.m.c.i.embedder.EclipseLogger - Using 'UTF-8' encoding to copy filtered resources.
2019-03-27 16:17:03,291 [Worker-2] INFO  o.e.m.c.i.embedder.EclipseLogger - skip non existing resourceDirectory C:\Users\Jhenerson\workspace\AquecimentoN1Test\TestesJUnit\src\main\resources
2019-03-27 16:17:03,291 [Worker-2] INFO  o.e.m.c.i.embedder.EclipseLogger - Using 'UTF-8' encoding to copy filtered resources.
2019-03-27 16:17:03,291 [Worker-2] INFO  o.e.m.c.i.embedder.EclipseLogger - skip non existing resourceDirectory C:\Users\Jhenerson\workspace\AquecimentoN1Test\TestesJUnit\src\test\resources
2019-03-27 16:17:44,008 [Worker-7] INFO  o.e.m.c.i.embedder.EclipseLogger - Using 'UTF-8' encoding to copy filtered resources.
2019-03-27 16:17:44,022 [Worker-7] INFO  o.e.m.c.i.embedder.EclipseLogger - skip non existing resourceDirectory C:\Users\Jhenerson\workspace\AquecimentoN1Test\TestesJUnit\src\main\resources
2019-03-27 16:17:44,034 [Worker-7] INFO  o.e.m.c.i.embedder.EclipseLogger - Using 'UTF-8' encoding to copy filtered resources.
2019-03-27 16:17:44,034 [Worker-7] INFO  o.e.m.c.i.embedder.EclipseLogger - skip non existing resourceDirectory C:\Users\Jhenerson\workspace\AquecimentoN1Test\TestesJUnit\src\test\resources
2019-03-27 16:18:11,075 [Worker-7] INFO  o.e.m.c.i.embedder.EclipseLogger - Using 'UTF-8' encoding to copy filtered resources.
2019-03-27 16:18:11,075 [Worker-7] INFO  o.e.m.c.i.embedder.EclipseLogger - skip non existing resourceDirectory C:\Users\Jhenerson\workspace\AquecimentoN1Test\TestesJUnit\src\main\resources
2019-03-27 16:18:11,075 [Worker-7] INFO  o.e.m.c.i.embedder.EclipseLogger - Using 'UTF-8' encoding to copy filtered resources.
2019-03-27 16:18:11,075 [Worker-7] INFO  o.e.m.c.i.embedder.EclipseLogger - skip non existing resourceDirectory C:\Users\Jhenerson\workspace\AquecimentoN1Test\TestesJUnit\src\test\resources
2019-03-27 16:19:39,902 [Worker-1] INFO  o.e.m.c.i.embedder.EclipseLogger - Using 'UTF-8' encoding to copy filtered resources.
2019-03-27 16:19:39,902 [Worker-1] INFO  o.e.m.c.i.embedder.EclipseLogger - skip non existing resourceDirectory C:\Users\Jhenerson\workspace\AquecimentoN1Test\TestesJUnit\src\main\resources
2019-03-27 16:19:39,913 [Worker-1] INFO  o.e.m.c.i.embedder.EclipseLogger - Using 'UTF-8' encoding to copy filtered resources.
2019-03-27 16:19:39,913 [Worker-1] INFO  o.e.m.c.i.embedder.EclipseLogger - skip non existing resourceDirectory C:\Users\Jhenerson\workspace\AquecimentoN1Test\TestesJUnit\src\test\resources
2019-03-27 16:20:08,225 [Worker-2] INFO  o.e.m.c.i.embedder.EclipseLogger - Using 'UTF-8' encoding to copy filtered resources.
2019-03-27 16:20:08,225 [Worker-2] INFO  o.e.m.c.i.embedder.EclipseLogger - skip non existing resourceDirectory C:\Users\Jhenerson\workspace\AquecimentoN1Test\TestesJUnit\src\main\resources
2019-03-27 16:20:08,225 [Worker-2] INFO  o.e.m.c.i.embedder.EclipseLogger - Using 'UTF-8' encoding to copy filtered resources.
2019-03-27 16:20:08,225 [Worker-2] INFO  o.e.m.c.i.embedder.EclipseLogger - skip non existing resourceDirectory C:\Users\Jhenerson\workspace\AquecimentoN1Test\TestesJUnit\src\test\resources
2019-03-27 16:21:56,462 [Worker-9] INFO  o.e.m.c.i.embedder.EclipseLogger - Using 'UTF-8' encoding to copy filtered resources.
2019-03-27 16:21:56,462 [Worker-9] INFO  o.e.m.c.i.embedder.EclipseLogger - skip non existing resourceDirectory C:\Users\Jhenerson\workspace\AquecimentoN1Test\TestesJUnit\src\main\resources
2019-03-27 16:21:56,476 [Worker-9] INFO  o.e.m.c.i.embedder.EclipseLogger - Using 'UTF-8' encoding to copy filtered resources.
2019-03-27 16:21:56,476 [Worker-9] INFO  o.e.m.c.i.embedder.EclipseLogger - skip non existing resourceDirectory C:\Users\Jhenerson\workspace\AquecimentoN1Test\TestesJUnit\src\test\resources
2019-03-27 16:22:12,972 [Worker-11] INFO  o.e.m.c.i.embedder.EclipseLogger - Using 'UTF-8' encoding to copy filtered resources.
2019-03-27 16:22:12,972 [Worker-11] INFO  o.e.m.c.i.embedder.EclipseLogger - skip non existing resourceDirectory C:\Users\Jhenerson\workspace\AquecimentoN1Test\TestesJUnit\src\main\resources
2019-03-27 16:22:12,972 [Worker-11] INFO  o.e.m.c.i.embedder.EclipseLogger - Using 'UTF-8' encoding to copy filtered resources.
2019-03-27 16:22:12,972 [Worker-11] INFO  o.e.m.c.i.embedder.EclipseLogger - skip non existing resourceDirectory C:\Users\Jhenerson\workspace\AquecimentoN1Test\TestesJUnit\src\test\resources
2019-03-27 16:22:23,337 [Worker-2] INFO  o.e.m.c.i.embedder.EclipseLogger - Using 'UTF-8' encoding to copy filtered resources.
2019-03-27 16:22:23,337 [Worker-2] INFO  o.e.m.c.i.embedder.EclipseLogger - skip non existing resourceDirectory C:\Users\Jhenerson\workspace\AquecimentoN1Test\TestesJUnit\src\main\resources
2019-03-27 16:22:23,348 [Worker-2] INFO  o.e.m.c.i.embedder.EclipseLogger - Using 'UTF-8' encoding to copy filtered resources.
2019-03-27 16:22:23,348 [Worker-2] INFO  o.e.m.c.i.embedder.EclipseLogger - skip non existing resourceDirectory C:\Users\Jhenerson\workspace\AquecimentoN1Test\TestesJUnit\src\test\resources
2019-03-27 16:22:27,001 [Worker-1] INFO  o.e.m.c.i.embedder.EclipseLogger - Using 'UTF-8' encoding to copy filtered resources.
2019-03-27 16:22:27,001 [Worker-1] INFO  o.e.m.c.i.embedder.EclipseLogger - skip non existing resourceDirectory C:\Users\Jhenerson\workspace\AquecimentoN1Test\TestesJUnit\src\main\resources
2019-03-27 16:22:27,001 [Worker-1] INFO  o.e.m.c.i.embedder.EclipseLogger - Using 'UTF-8' encoding to copy filtered resources.
2019-03-27 16:22:27,001 [Worker-1] INFO  o.e.m.c.i.embedder.EclipseLogger - skip non existing resourceDirectory C:\Users\Jhenerson\workspace\AquecimentoN1Test\TestesJUnit\src\test\resources
2019-03-27 16:22:35,177 [Worker-9] INFO  o.e.m.c.i.embedder.EclipseLogger - Using 'UTF-8' encoding to copy filtered resources.
2019-03-27 16:22:35,182 [Worker-9] INFO  o.e.m.c.i.embedder.EclipseLogger - skip non existing resourceDirectory C:\Users\Jhenerson\workspace\AquecimentoN1Test\TestesJUnit\src\main\resources
2019-03-27 16:22:35,189 [Worker-9] INFO  o.e.m.c.i.embedder.EclipseLogger - Using 'UTF-8' encoding to copy filtered resources.
2019-03-27 16:22:35,189 [Worker-9] INFO  o.e.m.c.i.embedder.EclipseLogger - skip non existing resourceDirectory C:\Users\Jhenerson\workspace\AquecimentoN1Test\TestesJUnit\src\test\resources
2019-03-27 16:22:53,739 [Worker-24] INFO  o.e.m.c.i.embedder.EclipseLogger - Using 'UTF-8' encoding to copy filtered resources.
2019-03-27 16:22:53,739 [Worker-24] INFO  o.e.m.c.i.embedder.EclipseLogger - skip non existing resourceDirectory C:\Users\Jhenerson\workspace\AquecimentoN1Test\TestesJUnit\src\main\resources
2019-03-27 16:22:53,739 [Worker-24] INFO  o.e.m.c.i.embedder.EclipseLogger - Using 'UTF-8' encoding to copy filtered resources.
2019-03-27 16:22:53,739 [Worker-24] INFO  o.e.m.c.i.embedder.EclipseLogger - skip non existing resourceDirectory C:\Users\Jhenerson\workspace\AquecimentoN1Test\TestesJUnit\src\test\resources
2019-03-27 16:23:20,669 [Worker-16] INFO  o.e.m.c.i.embedder.EclipseLogger - Using 'UTF-8' encoding to copy filtered resources.
2019-03-27 16:23:20,673 [Worker-16] INFO  o.e.m.c.i.embedder.EclipseLogger - skip non existing resourceDirectory C:\Users\Jhenerson\workspace\AquecimentoN1Test\TestesJUnit\src\main\resources
2019-03-27 16:23:20,679 [Worker-16] INFO  o.e.m.c.i.embedder.EclipseLogger - Using 'UTF-8' encoding to copy filtered resources.
2019-03-27 16:23:20,679 [Worker-16] INFO  o.e.m.c.i.embedder.EclipseLogger - skip non existing resourceDirectory C:\Users\Jhenerson\workspace\AquecimentoN1Test\TestesJUnit\src\test\resources
2019-03-27 16:24:05,225 [Worker-9] INFO  o.e.m.c.i.embedder.EclipseLogger - Using 'UTF-8' encoding to copy filtered resources.
2019-03-27 16:24:05,225 [Worker-9] INFO  o.e.m.c.i.embedder.EclipseLogger - skip non existing resourceDirectory C:\Users\Jhenerson\workspace\AquecimentoN1Test\TestesJUnit\src\main\resources
2019-03-27 16:24:05,225 [Worker-9] INFO  o.e.m.c.i.embedder.EclipseLogger - Using 'UTF-8' encoding to copy filtered resources.
2019-03-27 16:24:05,225 [Worker-9] INFO  o.e.m.c.i.embedder.EclipseLogger - skip non existing resourceDirectory C:\Users\Jhenerson\workspace\AquecimentoN1Test\TestesJUnit\src\test\resources
2019-03-27 16:25:09,137 [Worker-24] INFO  o.e.m.c.i.embedder.EclipseLogger - Using 'UTF-8' encoding to copy filtered resources.
2019-03-27 16:25:09,143 [Worker-24] INFO  o.e.m.c.i.embedder.EclipseLogger - skip non existing resourceDirectory C:\Users\Jhenerson\workspace\AquecimentoN1Test\TestesJUnit\src\main\resources
2019-03-27 16:25:09,143 [Worker-24] INFO  o.e.m.c.i.embedder.EclipseLogger - Using 'UTF-8' encoding to copy filtered resources.
2019-03-27 16:25:09,143 [Worker-24] INFO  o.e.m.c.i.embedder.EclipseLogger - skip non existing resourceDirectory C:\Users\Jhenerson\workspace\AquecimentoN1Test\TestesJUnit\src\test\resources
2019-03-27 16:26:30,285 [Worker-24] INFO  o.e.m.c.i.embedder.EclipseLogger - Using 'UTF-8' encoding to copy filtered resources.
2019-03-27 16:26:30,289 [Worker-24] INFO  o.e.m.c.i.embedder.EclipseLogger - skip non existing resourceDirectory C:\Users\Jhenerson\workspace\AquecimentoN1Test\TestesJUnit\src\main\resources
2019-03-27 16:26:30,289 [Worker-24] INFO  o.e.m.c.i.embedder.EclipseLogger - Using 'UTF-8' encoding to copy filtered resources.
2019-03-27 16:26:30,289 [Worker-24] INFO  o.e.m.c.i.embedder.EclipseLogger - skip non existing resourceDirectory C:\Users\Jhenerson\workspace\AquecimentoN1Test\TestesJUnit\src\test\resources
2019-03-27 16:27:24,136 [Worker-16] INFO  o.e.m.c.i.embedder.EclipseLogger - Using 'UTF-8' encoding to copy filtered resources.
2019-03-27 16:27:24,140 [Worker-16] INFO  o.e.m.c.i.embedder.EclipseLogger - skip non existing resourceDirectory C:\Users\Jhenerson\workspace\AquecimentoN1Test\TestesJUnit\src\main\resources
2019-03-27 16:27:24,146 [Worker-16] INFO  o.e.m.c.i.embedder.EclipseLogger - Using 'UTF-8' encoding to copy filtered resources.
2019-03-27 16:27:24,146 [Worker-16] INFO  o.e.m.c.i.embedder.EclipseLogger - skip non existing resourceDirectory C:\Users\Jhenerson\workspace\AquecimentoN1Test\TestesJUnit\src\test\resources
2019-03-27 16:28:37,299 [Worker-26] INFO  o.e.m.c.i.embedder.EclipseLogger - Using 'UTF-8' encoding to copy filtered resources.
2019-03-27 16:28:37,299 [Worker-26] INFO  o.e.m.c.i.embedder.EclipseLogger - skip non existing resourceDirectory C:\Users\Jhenerson\workspace\AquecimentoN1Test\TestesJUnit\src\main\resources
2019-03-27 16:28:37,299 [Worker-26] INFO  o.e.m.c.i.embedder.EclipseLogger - Using 'UTF-8' encoding to copy filtered resources.
2019-03-27 16:28:37,299 [Worker-26] INFO  o.e.m.c.i.embedder.EclipseLogger - skip non existing resourceDirectory C:\Users\Jhenerson\workspace\AquecimentoN1Test\TestesJUnit\src\test\resources
2019-03-27 16:29:03,136 [Worker-9] INFO  o.e.m.c.i.embedder.EclipseLogger - Using 'UTF-8' encoding to copy filtered resources.
2019-03-27 16:29:03,142 [Worker-9] INFO  o.e.m.c.i.embedder.EclipseLogger - skip non existing resourceDirectory C:\Users\Jhenerson\workspace\AquecimentoN1Test\TestesJUnit\src\main\resources
2019-03-27 16:29:03,147 [Worker-9] INFO  o.e.m.c.i.embedder.EclipseLogger - Using 'UTF-8' encoding to copy filtered resources.
2019-03-27 16:29:03,147 [Worker-9] INFO  o.e.m.c.i.embedder.EclipseLogger - skip non existing resourceDirectory C:\Users\Jhenerson\workspace\AquecimentoN1Test\TestesJUnit\src\test\resources
2019-03-27 16:29:49,893 [Worker-26] INFO  o.e.m.c.i.embedder.EclipseLogger - Using 'UTF-8' encoding to copy filtered resources.
2019-03-27 16:29:49,893 [Worker-26] INFO  o.e.m.c.i.embedder.EclipseLogger - skip non existing resourceDirectory C:\Users\Jhenerson\workspace\AquecimentoN1Test\TestesJUnit\src\main\resources
2019-03-27 16:29:49,893 [Worker-26] INFO  o.e.m.c.i.embedder.EclipseLogger - Using 'UTF-8' encoding to copy filtered resources.
2019-03-27 16:29:49,893 [Worker-26] INFO  o.e.m.c.i.embedder.EclipseLogger - skip non existing resourceDirectory C:\Users\Jhenerson\workspace\AquecimentoN1Test\TestesJUnit\src\test\resources
2019-03-27 16:30:13,623 [Worker-11] INFO  o.e.m.c.i.embedder.EclipseLogger - Using 'UTF-8' encoding to copy filtered resources.
2019-03-27 16:30:13,627 [Worker-11] INFO  o.e.m.c.i.embedder.EclipseLogger - skip non existing resourceDirectory C:\Users\Jhenerson\workspace\AquecimentoN1Test\TestesJUnit\src\main\resources
2019-03-27 16:30:13,633 [Worker-11] INFO  o.e.m.c.i.embedder.EclipseLogger - Using 'UTF-8' encoding to copy filtered resources.
2019-03-27 16:30:13,633 [Worker-11] INFO  o.e.m.c.i.embedder.EclipseLogger - skip non existing resourceDirectory C:\Users\Jhenerson\workspace\AquecimentoN1Test\TestesJUnit\src\test\resources
2019-03-27 16:31:20,375 [Worker-27] INFO  o.e.m.c.i.embedder.EclipseLogger - Using 'UTF-8' encoding to copy filtered resources.
2019-03-27 16:31:20,385 [Worker-27] INFO  o.e.m.c.i.embedder.EclipseLogger - skip non existing resourceDirectory C:\Users\Jhenerson\workspace\AquecimentoN1Test\TestesJUnit\src\main\resources
2019-03-27 16:31:20,385 [Worker-27] INFO  o.e.m.c.i.embedder.EclipseLogger - Using 'UTF-8' encoding to copy filtered resources.
2019-03-27 16:31:20,385 [Worker-27] INFO  o.e.m.c.i.embedder.EclipseLogger - skip non existing resourceDirectory C:\Users\Jhenerson\workspace\AquecimentoN1Test\TestesJUnit\src\test\resources
2019-03-27 16:32:25,980 [Worker-2] INFO  o.e.m.c.i.embedder.EclipseLogger - Using 'UTF-8' encoding to copy filtered resources.
2019-03-27 16:32:25,980 [Worker-2] INFO  o.e.m.c.i.embedder.EclipseLogger - skip non existing resourceDirectory C:\Users\Jhenerson\workspace\AquecimentoN1Test\TestesJUnit\src\main\resources
2019-03-27 16:32:25,989 [Worker-2] INFO  o.e.m.c.i.embedder.EclipseLogger - Using 'UTF-8' encoding to copy filtered resources.
2019-03-27 16:32:25,989 [Worker-2] INFO  o.e.m.c.i.embedder.EclipseLogger - skip non existing resourceDirectory C:\Users\Jhenerson\workspace\AquecimentoN1Test\TestesJUnit\src\test\resources
2019-03-27 16:32:42,862 [Worker-25] INFO  o.e.m.c.i.embedder.EclipseLogger - Using 'UTF-8' encoding to copy filtered resources.
2019-03-27 16:32:42,862 [Worker-25] INFO  o.e.m.c.i.embedder.EclipseLogger - skip non existing resourceDirectory C:\Users\Jhenerson\workspace\AquecimentoN1Test\TestesJUnit\src\main\resources
2019-03-27 16:32:42,862 [Worker-25] INFO  o.e.m.c.i.embedder.EclipseLogger - Using 'UTF-8' encoding to copy filtered resources.
2019-03-27 16:32:42,862 [Worker-25] INFO  o.e.m.c.i.embedder.EclipseLogger - skip non existing resourceDirectory C:\Users\Jhenerson\workspace\AquecimentoN1Test\TestesJUnit\src\test\resources
2019-03-27 16:32:49,517 [Worker-27] INFO  o.e.m.c.i.embedder.EclipseLogger - Using 'UTF-8' encoding to copy filtered resources.
2019-03-27 16:32:49,526 [Worker-27] INFO  o.e.m.c.i.embedder.EclipseLogger - skip non existing resourceDirectory C:\Users\Jhenerson\workspace\AquecimentoN1Test\TestesJUnit\src\main\resources
2019-03-27 16:32:49,526 [Worker-27] INFO  o.e.m.c.i.embedder.EclipseLogger - Using 'UTF-8' encoding to copy filtered resources.
2019-03-27 16:32:49,526 [Worker-27] INFO  o.e.m.c.i.embedder.EclipseLogger - skip non existing resourceDirectory C:\Users\Jhenerson\workspace\AquecimentoN1Test\TestesJUnit\src\test\resources
2019-03-27 16:33:09,093 [Worker-28] INFO  o.e.m.c.i.embedder.EclipseLogger - Using 'UTF-8' encoding to copy filtered resources.
2019-03-27 16:33:09,093 [Worker-28] INFO  o.e.m.c.i.embedder.EclipseLogger - skip non existing resourceDirectory C:\Users\Jhenerson\workspace\AquecimentoN1Test\TestesJUnit\src\main\resources
2019-03-27 16:33:09,093 [Worker-28] INFO  o.e.m.c.i.embedder.EclipseLogger - Using 'UTF-8' encoding to copy filtered resources.
2019-03-27 16:33:09,093 [Worker-28] INFO  o.e.m.c.i.embedder.EclipseLogger - skip non existing resourceDirectory C:\Users\Jhenerson\workspace\AquecimentoN1Test\TestesJUnit\src\test\resources
2019-03-27 16:33:30,080 [Worker-30] INFO  o.e.m.c.i.embedder.EclipseLogger - Using 'UTF-8' encoding to copy filtered resources.
2019-03-27 16:33:30,085 [Worker-30] INFO  o.e.m.c.i.embedder.EclipseLogger - skip non existing resourceDirectory C:\Users\Jhenerson\workspace\AquecimentoN1Test\TestesJUnit\src\main\resources
2019-03-27 16:33:30,091 [Worker-30] INFO  o.e.m.c.i.embedder.EclipseLogger - Using 'UTF-8' encoding to copy filtered resources.
2019-03-27 16:33:30,091 [Worker-30] INFO  o.e.m.c.i.embedder.EclipseLogger - skip non existing resourceDirectory C:\Users\Jhenerson\workspace\AquecimentoN1Test\TestesJUnit\src\test\resources
2019-03-27 16:33:58,200 [Worker-2] INFO  o.e.m.c.i.embedder.EclipseLogger - Using 'UTF-8' encoding to copy filtered resources.
2019-03-27 16:33:58,200 [Worker-2] INFO  o.e.m.c.i.embedder.EclipseLogger - skip non existing resourceDirectory C:\Users\Jhenerson\workspace\AquecimentoN1Test\TestesJUnit\src\main\resources
2019-03-27 16:33:58,200 [Worker-2] INFO  o.e.m.c.i.embedder.EclipseLogger - Using 'UTF-8' encoding to copy filtered resources.
2019-03-27 16:33:58,200 [Worker-2] INFO  o.e.m.c.i.embedder.EclipseLogger - skip non existing resourceDirectory C:\Users\Jhenerson\workspace\AquecimentoN1Test\TestesJUnit\src\test\resources
2019-03-27 16:34:20,020 [Worker-11] INFO  o.e.m.c.i.embedder.EclipseLogger - Using 'UTF-8' encoding to copy filtered resources.
2019-03-27 16:34:20,031 [Worker-11] INFO  o.e.m.c.i.embedder.EclipseLogger - skip non existing resourceDirectory C:\Users\Jhenerson\workspace\AquecimentoN1Test\TestesJUnit\src\main\resources
2019-03-27 16:34:20,031 [Worker-11] INFO  o.e.m.c.i.embedder.EclipseLogger - Using 'UTF-8' encoding to copy filtered resources.
2019-03-27 16:34:20,031 [Worker-11] INFO  o.e.m.c.i.embedder.EclipseLogger - skip non existing resourceDirectory C:\Users\Jhenerson\workspace\AquecimentoN1Test\TestesJUnit\src\test\resources
2019-03-27 16:35:04,657 [Worker-31] INFO  o.e.m.c.i.embedder.EclipseLogger - Using 'UTF-8' encoding to copy filtered resources.
2019-03-27 16:35:04,657 [Worker-31] INFO  o.e.m.c.i.embedder.EclipseLogger - skip non existing resourceDirectory C:\Users\Jhenerson\workspace\AquecimentoN1Test\TestesJUnit\src\main\resources
2019-03-27 16:35:04,657 [Worker-31] INFO  o.e.m.c.i.embedder.EclipseLogger - Using 'UTF-8' encoding to copy filtered resources.
2019-03-27 16:35:04,657 [Worker-31] INFO  o.e.m.c.i.embedder.EclipseLogger - skip non existing resourceDirectory C:\Users\Jhenerson\workspace\AquecimentoN1Test\TestesJUnit\src\test\resources
2019-03-27 16:35:12,734 [Worker-25] INFO  o.e.m.c.i.embedder.EclipseLogger - Using 'UTF-8' encoding to copy filtered resources.
2019-03-27 16:35:12,742 [Worker-25] INFO  o.e.m.c.i.embedder.EclipseLogger - skip non existing resourceDirectory C:\Users\Jhenerson\workspace\AquecimentoN1Test\TestesJUnit\src\main\resources
2019-03-27 16:35:12,742 [Worker-25] INFO  o.e.m.c.i.embedder.EclipseLogger - Using 'UTF-8' encoding to copy filtered resources.
2019-03-27 16:35:12,742 [Worker-25] INFO  o.e.m.c.i.embedder.EclipseLogger - skip non existing resourceDirectory C:\Users\Jhenerson\workspace\AquecimentoN1Test\TestesJUnit\src\test\resources
2019-03-27 16:36:00,085 [Worker-9] INFO  o.e.m.c.i.embedder.EclipseLogger - Using 'UTF-8' encoding to copy filtered resources.
2019-03-27 16:36:00,085 [Worker-9] INFO  o.e.m.c.i.embedder.EclipseLogger - skip non existing resourceDirectory C:\Users\Jhenerson\workspace\AquecimentoN1Test\TestesJUnit\src\main\resources
2019-03-27 16:36:00,089 [Worker-9] INFO  o.e.m.c.i.embedder.EclipseLogger - Using 'UTF-8' encoding to copy filtered resources.
2019-03-27 16:36:00,089 [Worker-9] INFO  o.e.m.c.i.embedder.EclipseLogger - skip non existing resourceDirectory C:\Users\Jhenerson\workspace\AquecimentoN1Test\TestesJUnit\src\test\resources
2019-03-27 16:36:12,326 [Worker-26] INFO  o.e.m.c.i.embedder.EclipseLogger - Using 'UTF-8' encoding to copy filtered resources.
2019-03-27 16:36:12,326 [Worker-26] INFO  o.e.m.c.i.embedder.EclipseLogger - skip non existing resourceDirectory C:\Users\Jhenerson\workspace\AquecimentoN1Test\TestesJUnit\src\main\resources
2019-03-27 16:36:12,337 [Worker-26] INFO  o.e.m.c.i.embedder.EclipseLogger - Using 'UTF-8' encoding to copy filtered resources.
2019-03-27 16:36:12,337 [Worker-26] INFO  o.e.m.c.i.embedder.EclipseLogger - skip non existing resourceDirectory C:\Users\Jhenerson\workspace\AquecimentoN1Test\TestesJUnit\src\test\resources
2019-03-27 16:36:23,794 [Worker-16] INFO  o.e.m.c.i.embedder.EclipseLogger - Using 'UTF-8' encoding to copy filtered resources.
2019-03-27 16:36:23,794 [Worker-16] INFO  o.e.m.c.i.embedder.EclipseLogger - skip non existing resourceDirectory C:\Users\Jhenerson\workspace\AquecimentoN1Test\TestesJUnit\src\main\resources
2019-03-27 16:36:23,794 [Worker-16] INFO  o.e.m.c.i.embedder.EclipseLogger - Using 'UTF-8' encoding to copy filtered resources.
2019-03-27 16:36:23,794 [Worker-16] INFO  o.e.m.c.i.embedder.EclipseLogger - skip non existing resourceDirectory C:\Users\Jhenerson\workspace\AquecimentoN1Test\TestesJUnit\src\test\resources
2019-03-27 16:36:52,037 [Worker-29] INFO  o.e.m.c.i.embedder.EclipseLogger - Using 'UTF-8' encoding to copy filtered resources.
2019-03-27 16:36:52,041 [Worker-29] INFO  o.e.m.c.i.embedder.EclipseLogger - skip non existing resourceDirectory C:\Users\Jhenerson\workspace\AquecimentoN1Test\TestesJUnit\src\main\resources
2019-03-27 16:36:52,047 [Worker-29] INFO  o.e.m.c.i.embedder.EclipseLogger - Using 'UTF-8' encoding to copy filtered resources.
2019-03-27 16:36:52,047 [Worker-29] INFO  o.e.m.c.i.embedder.EclipseLogger - skip non existing resourceDirectory C:\Users\Jhenerson\workspace\AquecimentoN1Test\TestesJUnit\src\test\resources
2019-03-27 16:36:57,888 [Worker-28] INFO  o.e.m.c.i.embedder.EclipseLogger - Using 'UTF-8' encoding to copy filtered resources.
2019-03-27 16:36:57,888 [Worker-28] INFO  o.e.m.c.i.embedder.EclipseLogger - skip non existing resourceDirectory C:\Users\Jhenerson\workspace\AquecimentoN1Test\TestesJUnit\src\main\resources
2019-03-27 16:36:57,888 [Worker-28] INFO  o.e.m.c.i.embedder.EclipseLogger - Using 'UTF-8' encoding to copy filtered resources.
2019-03-27 16:36:57,888 [Worker-28] INFO  o.e.m.c.i.embedder.EclipseLogger - skip non existing resourceDirectory C:\Users\Jhenerson\workspace\AquecimentoN1Test\TestesJUnit\src\test\resources
2019-03-27 16:37:29,965 [Worker-9] INFO  o.e.m.c.i.embedder.EclipseLogger - Using 'UTF-8' encoding to copy filtered resources.
2019-03-27 16:37:29,970 [Worker-9] INFO  o.e.m.c.i.embedder.EclipseLogger - skip non existing resourceDirectory C:\Users\Jhenerson\workspace\AquecimentoN1Test\TestesJUnit\src\main\resources
2019-03-27 16:37:29,975 [Worker-9] INFO  o.e.m.c.i.embedder.EclipseLogger - Using 'UTF-8' encoding to copy filtered resources.
2019-03-27 16:37:29,975 [Worker-9] INFO  o.e.m.c.i.embedder.EclipseLogger - skip non existing resourceDirectory C:\Users\Jhenerson\workspace\AquecimentoN1Test\TestesJUnit\src\test\resources
2019-03-27 16:37:43,145 [Worker-7] INFO  o.e.m.c.i.embedder.EclipseLogger - Using 'UTF-8' encoding to copy filtered resources.
2019-03-27 16:37:43,145 [Worker-7] INFO  o.e.m.c.i.embedder.EclipseLogger - skip non existing resourceDirectory C:\Users\Jhenerson\workspace\AquecimentoN1Test\TestesJUnit\src\main\resources
2019-03-27 16:37:43,147 [Worker-7] INFO  o.e.m.c.i.embedder.EclipseLogger - Using 'UTF-8' encoding to copy filtered resources.
2019-03-27 16:37:43,148 [Worker-7] INFO  o.e.m.c.i.embedder.EclipseLogger - skip non existing resourceDirectory C:\Users\Jhenerson\workspace\AquecimentoN1Test\TestesJUnit\src\test\resources
2019-03-27 16:37:46,579 [Worker-30] INFO  o.e.m.c.i.embedder.EclipseLogger - Using 'UTF-8' encoding to copy filtered resources.
2019-03-27 16:37:46,589 [Worker-30] INFO  o.e.m.c.i.embedder.EclipseLogger - skip non existing resourceDirectory C:\Users\Jhenerson\workspace\AquecimentoN1Test\TestesJUnit\src\main\resources
2019-03-27 16:37:46,600 [Worker-30] INFO  o.e.m.c.i.embedder.EclipseLogger - Using 'UTF-8' encoding to copy filtered resources.
2019-03-27 16:37:46,601 [Worker-30] INFO  o.e.m.c.i.embedder.EclipseLogger - skip non existing resourceDirectory C:\Users\Jhenerson\workspace\AquecimentoN1Test\TestesJUnit\src\test\resources
2019-03-27 16:37:55,414 [Worker-27] INFO  o.e.m.c.i.embedder.EclipseLogger - Using 'UTF-8' encoding to copy filtered resources.
2019-03-27 16:37:55,414 [Worker-27] INFO  o.e.m.c.i.embedder.EclipseLogger - skip non existing resourceDirectory C:\Users\Jhenerson\workspace\AquecimentoN1Test\TestesJUnit\src\main\resources
2019-03-27 16:37:55,415 [Worker-27] INFO  o.e.m.c.i.embedder.EclipseLogger - Using 'UTF-8' encoding to copy filtered resources.
2019-03-27 16:37:55,415 [Worker-27] INFO  o.e.m.c.i.embedder.EclipseLogger - skip non existing resourceDirectory C:\Users\Jhenerson\workspace\AquecimentoN1Test\TestesJUnit\src\test\resources
2019-03-27 16:39:28,800 [Worker-25] INFO  o.e.m.c.i.embedder.EclipseLogger - Using 'UTF-8' encoding to copy filtered resources.
2019-03-27 16:39:28,807 [Worker-25] INFO  o.e.m.c.i.embedder.EclipseLogger - skip non existing resourceDirectory C:\Users\Jhenerson\workspace\AquecimentoN1Test\TestesJUnit\src\main\resources
2019-03-27 16:39:28,814 [Worker-25] INFO  o.e.m.c.i.embedder.EclipseLogger - Using 'UTF-8' encoding to copy filtered resources.
2019-03-27 16:39:28,814 [Worker-25] INFO  o.e.m.c.i.embedder.EclipseLogger - skip non existing resourceDirectory C:\Users\Jhenerson\workspace\AquecimentoN1Test\TestesJUnit\src\test\resources
2019-03-27 16:40:07,932 [Worker-16] INFO  o.e.m.c.i.embedder.EclipseLogger - Using 'UTF-8' encoding to copy filtered resources.
2019-03-27 16:40:07,933 [Worker-16] INFO  o.e.m.c.i.embedder.EclipseLogger - skip non existing resourceDirectory C:\Users\Jhenerson\workspace\AquecimentoN1Test\TestesJUnit\src\main\resources
2019-03-27 16:40:07,935 [Worker-16] INFO  o.e.m.c.i.embedder.EclipseLogger - Using 'UTF-8' encoding to copy filtered resources.
2019-03-27 16:40:07,935 [Worker-16] INFO  o.e.m.c.i.embedder.EclipseLogger - skip non existing resourceDirectory C:\Users\Jhenerson\workspace\AquecimentoN1Test\TestesJUnit\src\test\resources
2019-03-27 16:40:21,774 [Worker-11] INFO  o.e.m.c.i.embedder.EclipseLogger - Using 'UTF-8' encoding to copy filtered resources.
2019-03-27 16:40:21,780 [Worker-11] INFO  o.e.m.c.i.embedder.EclipseLogger - skip non existing resourceDirectory C:\Users\Jhenerson\workspace\AquecimentoN1Test\TestesJUnit\src\main\resources
2019-03-27 16:40:21,790 [Worker-11] INFO  o.e.m.c.i.embedder.EclipseLogger - Using 'UTF-8' encoding to copy filtered resources.
2019-03-27 16:40:21,790 [Worker-11] INFO  o.e.m.c.i.embedder.EclipseLogger - skip non existing resourceDirectory C:\Users\Jhenerson\workspace\AquecimentoN1Test\TestesJUnit\src\test\resources
2019-03-27 16:40:33,815 [Worker-16] INFO  o.e.m.c.i.embedder.EclipseLogger - Using 'UTF-8' encoding to copy filtered resources.
2019-03-27 16:40:33,815 [Worker-16] INFO  o.e.m.c.i.embedder.EclipseLogger - skip non existing resourceDirectory C:\Users\Jhenerson\workspace\AquecimentoN1Test\TestesJUnit\src\main\resources
2019-03-27 16:40:33,816 [Worker-16] INFO  o.e.m.c.i.embedder.EclipseLogger - Using 'UTF-8' encoding to copy filtered resources.
2019-03-27 16:40:33,816 [Worker-16] INFO  o.e.m.c.i.embedder.EclipseLogger - skip non existing resourceDirectory C:\Users\Jhenerson\workspace\AquecimentoN1Test\TestesJUnit\src\test\resources
2019-03-27 16:40:45,540 [Worker-30] INFO  o.e.m.c.i.embedder.EclipseLogger - Using 'UTF-8' encoding to copy filtered resources.
2019-03-27 16:40:45,550 [Worker-30] INFO  o.e.m.c.i.embedder.EclipseLogger - skip non existing resourceDirectory C:\Users\Jhenerson\workspace\AquecimentoN1Test\TestesJUnit\src\main\resources
2019-03-27 16:40:45,561 [Worker-30] INFO  o.e.m.c.i.embedder.EclipseLogger - Using 'UTF-8' encoding to copy filtered resources.
2019-03-27 16:40:45,561 [Worker-30] INFO  o.e.m.c.i.embedder.EclipseLogger - skip non existing resourceDirectory C:\Users\Jhenerson\workspace\AquecimentoN1Test\TestesJUnit\src\test\resources
2019-03-27 16:41:18,038 [Worker-31] INFO  o.e.m.c.i.embedder.EclipseLogger - Using 'UTF-8' encoding to copy filtered resources.
2019-03-27 16:41:18,038 [Worker-31] INFO  o.e.m.c.i.embedder.EclipseLogger - skip non existing resourceDirectory C:\Users\Jhenerson\workspace\AquecimentoN1Test\TestesJUnit\src\main\resources
2019-03-27 16:41:18,039 [Worker-31] INFO  o.e.m.c.i.embedder.EclipseLogger - Using 'UTF-8' encoding to copy filtered resources.
2019-03-27 16:41:18,039 [Worker-31] INFO  o.e.m.c.i.embedder.EclipseLogger - skip non existing resourceDirectory C:\Users\Jhenerson\workspace\AquecimentoN1Test\TestesJUnit\src\test\resources
2019-03-27 16:41:34,252 [Worker-9] INFO  o.e.m.c.i.embedder.EclipseLogger - Using 'UTF-8' encoding to copy filtered resources.
2019-03-27 16:41:34,257 [Worker-9] INFO  o.e.m.c.i.embedder.EclipseLogger - skip non existing resourceDirectory C:\Users\Jhenerson\workspace\AquecimentoN1Test\TestesJUnit\src\main\resources
2019-03-27 16:41:34,264 [Worker-9] INFO  o.e.m.c.i.embedder.EclipseLogger - Using 'UTF-8' encoding to copy filtered resources.
2019-03-27 16:41:34,264 [Worker-9] INFO  o.e.m.c.i.embedder.EclipseLogger - skip non existing resourceDirectory C:\Users\Jhenerson\workspace\AquecimentoN1Test\TestesJUnit\src\test\resources
2019-03-27 16:41:53,499 [Worker-7] INFO  o.e.m.c.i.embedder.EclipseLogger - Using 'UTF-8' encoding to copy filtered resources.
2019-03-27 16:41:53,499 [Worker-7] INFO  o.e.m.c.i.embedder.EclipseLogger - skip non existing resourceDirectory C:\Users\Jhenerson\workspace\AquecimentoN1Test\TestesJUnit\src\main\resources
2019-03-27 16:41:53,500 [Worker-7] INFO  o.e.m.c.i.embedder.EclipseLogger - Using 'UTF-8' encoding to copy filtered resources.
2019-03-27 16:41:53,501 [Worker-7] INFO  o.e.m.c.i.embedder.EclipseLogger - skip non existing resourceDirectory C:\Users\Jhenerson\workspace\AquecimentoN1Test\TestesJUnit\src\test\resources
2019-03-27 16:41:56,727 [Worker-9] INFO  o.e.m.c.i.embedder.EclipseLogger - Using 'UTF-8' encoding to copy filtered resources.
2019-03-27 16:41:56,731 [Worker-9] INFO  o.e.m.c.i.embedder.EclipseLogger - skip non existing resourceDirectory C:\Users\Jhenerson\workspace\AquecimentoN1Test\TestesJUnit\src\main\resources
2019-03-27 16:41:56,736 [Worker-9] INFO  o.e.m.c.i.embedder.EclipseLogger - Using 'UTF-8' encoding to copy filtered resources.
2019-03-27 16:41:56,736 [Worker-9] INFO  o.e.m.c.i.embedder.EclipseLogger - skip non existing resourceDirectory C:\Users\Jhenerson\workspace\AquecimentoN1Test\TestesJUnit\src\test\resources
2019-03-27 16:42:37,076 [Worker-28] INFO  o.e.m.c.i.embedder.EclipseLogger - Using 'UTF-8' encoding to copy filtered resources.
2019-03-27 16:42:37,076 [Worker-28] INFO  o.e.m.c.i.embedder.EclipseLogger - skip non existing resourceDirectory C:\Users\Jhenerson\workspace\AquecimentoN1Test\TestesJUnit\src\main\resources
2019-03-27 16:42:37,077 [Worker-28] INFO  o.e.m.c.i.embedder.EclipseLogger - Using 'UTF-8' encoding to copy filtered resources.
2019-03-27 16:42:37,077 [Worker-28] INFO  o.e.m.c.i.embedder.EclipseLogger - skip non existing resourceDirectory C:\Users\Jhenerson\workspace\AquecimentoN1Test\TestesJUnit\src\test\resources
2019-03-27 16:43:25,178 [Worker-28] INFO  o.e.m.c.i.embedder.EclipseLogger - Using 'UTF-8' encoding to copy filtered resources.
2019-03-27 16:43:25,183 [Worker-28] INFO  o.e.m.c.i.embedder.EclipseLogger - skip non existing resourceDirectory C:\Users\Jhenerson\workspace\AquecimentoN1Test\TestesJUnit\src\main\resources
2019-03-27 16:43:25,189 [Worker-28] INFO  o.e.m.c.i.embedder.EclipseLogger - Using 'UTF-8' encoding to copy filtered resources.
2019-03-27 16:43:25,190 [Worker-28] INFO  o.e.m.c.i.embedder.EclipseLogger - skip non existing resourceDirectory C:\Users\Jhenerson\workspace\AquecimentoN1Test\TestesJUnit\src\test\resources
2019-03-27 16:43:37,050 [Worker-7] INFO  o.e.m.c.i.embedder.EclipseLogger - Using 'UTF-8' encoding to copy filtered resources.
2019-03-27 16:43:37,051 [Worker-7] INFO  o.e.m.c.i.embedder.EclipseLogger - skip non existing resourceDirectory C:\Users\Jhenerson\workspace\AquecimentoN1Test\TestesJUnit\src\main\resources
2019-03-27 16:43:37,053 [Worker-7] INFO  o.e.m.c.i.embedder.EclipseLogger - Using 'UTF-8' encoding to copy filtered resources.
2019-03-27 16:43:37,053 [Worker-7] INFO  o.e.m.c.i.embedder.EclipseLogger - skip non existing resourceDirectory C:\Users\Jhenerson\workspace\AquecimentoN1Test\TestesJUnit\src\test\resources
2019-03-27 16:43:52,748 [Worker-25] INFO  o.e.m.c.i.embedder.EclipseLogger - Using 'UTF-8' encoding to copy filtered resources.
2019-03-27 16:43:52,754 [Worker-25] INFO  o.e.m.c.i.embedder.EclipseLogger - skip non existing resourceDirectory C:\Users\Jhenerson\workspace\AquecimentoN1Test\TestesJUnit\src\main\resources
2019-03-27 16:43:52,762 [Worker-25] INFO  o.e.m.c.i.embedder.EclipseLogger - Using 'UTF-8' encoding to copy filtered resources.
2019-03-27 16:43:52,762 [Worker-25] INFO  o.e.m.c.i.embedder.EclipseLogger - skip non existing resourceDirectory C:\Users\Jhenerson\workspace\AquecimentoN1Test\TestesJUnit\src\test\resources
2019-03-27 16:44:13,909 [Worker-30] INFO  o.e.m.c.i.embedder.EclipseLogger - Using 'UTF-8' encoding to copy filtered resources.
2019-03-27 16:44:13,909 [Worker-30] INFO  o.e.m.c.i.embedder.EclipseLogger - skip non existing resourceDirectory C:\Users\Jhenerson\workspace\AquecimentoN1Test\TestesJUnit\src\main\resources
2019-03-27 16:44:13,910 [Worker-30] INFO  o.e.m.c.i.embedder.EclipseLogger - Using 'UTF-8' encoding to copy filtered resources.
2019-03-27 16:44:13,910 [Worker-30] INFO  o.e.m.c.i.embedder.EclipseLogger - skip non existing resourceDirectory C:\Users\Jhenerson\workspace\AquecimentoN1Test\TestesJUnit\src\test\resources
